[2024-07-29T17:45:40.699+0000] {manager.py:470} INFO - Processing files using up to 2 processes at a time 
[2024-07-29T17:45:40.700+0000] {manager.py:471} INFO - Process each file at most once every 30 seconds
[2024-07-29T17:45:40.700+0000] {manager.py:472} INFO - Checking for new files in /opt/airflow/dags every 300 seconds
[2024-07-29T17:45:40.700+0000] {manager.py:737} INFO - Searching for files in /opt/airflow/dags
[2024-07-29T17:45:40.702+0000] {manager.py:740} INFO - There are 1 files in /opt/airflow/dags
[2024-07-29T17:45:40.859+0000] {manager.py:878} INFO - 
================================================================================
DAG File Processing Stats

File Path                        PID  Runtime      # DAGs    # Errors  Last Runtime    Last Run
-----------------------------  -----  ---------  --------  ----------  --------------  ----------
/opt/airflow/dags/detector.py    164  0.04s             0           0
================================================================================
[2024-07-29T17:46:10.983+0000] {manager.py:878} INFO - 
================================================================================
DAG File Processing Stats

File Path                      PID    Runtime      # DAGs    # Errors  Last Runtime    Last Run
-----------------------------  -----  ---------  --------  ----------  --------------  -------------------
/opt/airflow/dags/detector.py                           1           0  0.33s           2024-07-29T17:45:41
================================================================================
[2024-07-29T17:46:41.471+0000] {manager.py:878} INFO - 
================================================================================
DAG File Processing Stats

File Path                        PID  Runtime      # DAGs    # Errors  Last Runtime    Last Run
-----------------------------  -----  ---------  --------  ----------  --------------  -------------------
/opt/airflow/dags/detector.py    205  0.00s             1           0  0.12s           2024-07-29T17:46:11
================================================================================
[2024-07-29T17:47:11.700+0000] {manager.py:878} INFO - 
================================================================================
DAG File Processing Stats

File Path                        PID  Runtime      # DAGs    # Errors  Last Runtime    Last Run
-----------------------------  -----  ---------  --------  ----------  --------------  -------------------
/opt/airflow/dags/detector.py    267  0.00s             1           0  0.15s           2024-07-29T17:46:41
================================================================================
[2024-07-29T17:47:41.928+0000] {manager.py:878} INFO - 
================================================================================
DAG File Processing Stats

File Path                        PID  Runtime      # DAGs    # Errors  Last Runtime    Last Run
-----------------------------  -----  ---------  --------  ----------  --------------  -------------------
/opt/airflow/dags/detector.py    282  0.00s             1           0  0.13s           2024-07-29T17:47:11
================================================================================
[2024-07-29T17:48:12.191+0000] {manager.py:878} INFO - 
================================================================================
DAG File Processing Stats

File Path                        PID  Runtime      # DAGs    # Errors  Last Runtime    Last Run
-----------------------------  -----  ---------  --------  ----------  --------------  -------------------
/opt/airflow/dags/detector.py    287  0.01s             1           0  0.09s           2024-07-29T17:47:42
================================================================================
[2024-07-29T17:48:42.420+0000] {manager.py:878} INFO - 
================================================================================
DAG File Processing Stats

File Path                        PID  Runtime      # DAGs    # Errors  Last Runtime    Last Run
-----------------------------  -----  ---------  --------  ----------  --------------  -------------------
/opt/airflow/dags/detector.py    292  0.01s             1           0  0.11s           2024-07-29T17:48:12
================================================================================
[2024-07-29T17:49:12.653+0000] {manager.py:878} INFO - 
================================================================================
DAG File Processing Stats

File Path                        PID  Runtime      # DAGs    # Errors  Last Runtime    Last Run
-----------------------------  -----  ---------  --------  ----------  --------------  -------------------
/opt/airflow/dags/detector.py    297  0.01s             1           0  0.11s           2024-07-29T17:48:42
================================================================================
[2024-07-29T17:49:42.910+0000] {manager.py:878} INFO - 
================================================================================
DAG File Processing Stats

File Path                        PID  Runtime      # DAGs    # Errors  Last Runtime    Last Run
-----------------------------  -----  ---------  --------  ----------  --------------  -------------------
/opt/airflow/dags/detector.py    302  0.01s             1           0  0.14s           2024-07-29T17:49:12
================================================================================
[2024-07-29T17:50:13.151+0000] {manager.py:878} INFO - 
================================================================================
DAG File Processing Stats

File Path                        PID  Runtime      # DAGs    # Errors  Last Runtime    Last Run
-----------------------------  -----  ---------  --------  ----------  --------------  -------------------
/opt/airflow/dags/detector.py    307  0.01s             1           0  0.10s           2024-07-29T17:49:43
================================================================================
[2024-07-29T17:50:41.344+0000] {manager.py:737} INFO - Searching for files in /opt/airflow/dags
[2024-07-29T17:50:41.348+0000] {manager.py:740} INFO - There are 1 files in /opt/airflow/dags
[2024-07-29T17:50:43.410+0000] {manager.py:878} INFO - 
================================================================================
DAG File Processing Stats

File Path                        PID  Runtime      # DAGs    # Errors  Last Runtime    Last Run
-----------------------------  -----  ---------  --------  ----------  --------------  -------------------
/opt/airflow/dags/detector.py    312  0.01s             1           0  0.13s           2024-07-29T17:50:13
================================================================================
[2024-07-29T17:51:13.612+0000] {manager.py:878} INFO - 
================================================================================
DAG File Processing Stats

File Path                        PID  Runtime      # DAGs    # Errors  Last Runtime    Last Run
-----------------------------  -----  ---------  --------  ----------  --------------  -------------------
/opt/airflow/dags/detector.py    317  0.00s             1           0  0.09s           2024-07-29T17:50:43
================================================================================
[2024-07-29T17:51:43.837+0000] {manager.py:878} INFO - 
================================================================================
DAG File Processing Stats

File Path                        PID  Runtime      # DAGs    # Errors  Last Runtime    Last Run
-----------------------------  -----  ---------  --------  ----------  --------------  -------------------
/opt/airflow/dags/detector.py    322  0.00s             1           0  0.09s           2024-07-29T17:51:13
================================================================================
[2024-07-29T17:52:14.034+0000] {manager.py:878} INFO - 
================================================================================
DAG File Processing Stats

File Path                        PID  Runtime      # DAGs    # Errors  Last Runtime    Last Run
-----------------------------  -----  ---------  --------  ----------  --------------  -------------------
/opt/airflow/dags/detector.py    327  0.01s             1           0  0.10s           2024-07-29T17:51:43
================================================================================
[2024-07-29T17:52:44.277+0000] {manager.py:878} INFO - 
================================================================================
DAG File Processing Stats

File Path                        PID  Runtime      # DAGs    # Errors  Last Runtime    Last Run
-----------------------------  -----  ---------  --------  ----------  --------------  -------------------
/opt/airflow/dags/detector.py    332  0.01s             1           0  0.11s           2024-07-29T17:52:14
================================================================================
[2024-07-29T17:53:14.448+0000] {manager.py:878} INFO - 
================================================================================
DAG File Processing Stats

File Path                        PID  Runtime      # DAGs    # Errors  Last Runtime    Last Run
-----------------------------  -----  ---------  --------  ----------  --------------  -------------------
/opt/airflow/dags/detector.py    337  0.01s             1           0  0.11s           2024-07-29T17:52:44
================================================================================
[2024-07-29T17:53:44.723+0000] {manager.py:878} INFO - 
================================================================================
DAG File Processing Stats

File Path                        PID  Runtime      # DAGs    # Errors  Last Runtime    Last Run
-----------------------------  -----  ---------  --------  ----------  --------------  -------------------
/opt/airflow/dags/detector.py    342  0.01s             1           0  0.10s           2024-07-29T17:53:14
================================================================================
[2024-07-29T17:54:14.929+0000] {manager.py:878} INFO - 
================================================================================
DAG File Processing Stats

File Path                        PID  Runtime      # DAGs    # Errors  Last Runtime    Last Run
-----------------------------  -----  ---------  --------  ----------  --------------  -------------------
/opt/airflow/dags/detector.py    347  0.01s             1           0  0.09s           2024-07-29T17:53:44
================================================================================
[2024-07-29T17:54:45.185+0000] {manager.py:878} INFO - 
================================================================================
DAG File Processing Stats

File Path                        PID  Runtime      # DAGs    # Errors  Last Runtime    Last Run
-----------------------------  -----  ---------  --------  ----------  --------------  -------------------
/opt/airflow/dags/detector.py    352  0.01s             1           0  0.12s           2024-07-29T17:54:15
================================================================================
[2024-07-29T17:54:49.344+0000] {manager.py:452} INFO - Exiting gracefully upon receiving signal 15
[2024-07-29T17:55:25.667+0000] {manager.py:470} INFO - Processing files using up to 2 processes at a time 
[2024-07-29T17:55:25.668+0000] {manager.py:471} INFO - Process each file at most once every 30 seconds
[2024-07-29T17:55:25.668+0000] {manager.py:472} INFO - Checking for new files in /opt/airflow/dags every 300 seconds
[2024-07-29T17:55:25.669+0000] {manager.py:737} INFO - Searching for files in /opt/airflow/dags
[2024-07-29T17:55:25.671+0000] {manager.py:740} INFO - There are 1 files in /opt/airflow/dags
[2024-07-29T17:55:25.825+0000] {manager.py:878} INFO - 
================================================================================
DAG File Processing Stats

File Path                        PID  Runtime      # DAGs    # Errors  Last Runtime    Last Run
-----------------------------  -----  ---------  --------  ----------  --------------  ----------
/opt/airflow/dags/detector.py    164  0.04s             0           0
================================================================================
[2024-07-29T17:55:55.942+0000] {manager.py:878} INFO - 
================================================================================
DAG File Processing Stats

File Path                      PID    Runtime      # DAGs    # Errors  Last Runtime    Last Run
-----------------------------  -----  ---------  --------  ----------  --------------  -------------------
/opt/airflow/dags/detector.py                           1           0  0.46s           2024-07-29T17:55:26
================================================================================
[2024-07-29T17:56:26.601+0000] {manager.py:878} INFO - 
================================================================================
DAG File Processing Stats

File Path                        PID  Runtime      # DAGs    # Errors  Last Runtime    Last Run
-----------------------------  -----  ---------  --------  ----------  --------------  -------------------
/opt/airflow/dags/detector.py    174  0.01s             1           0  0.14s           2024-07-29T17:55:56
================================================================================
[2024-07-29T17:56:56.887+0000] {manager.py:878} INFO - 
================================================================================
DAG File Processing Stats

File Path                        PID  Runtime      # DAGs    # Errors  Last Runtime    Last Run
-----------------------------  -----  ---------  --------  ----------  --------------  -------------------
/opt/airflow/dags/detector.py    179  0.01s             1           0  0.12s           2024-07-29T17:56:26
================================================================================
[2024-07-29T17:57:27.094+0000] {manager.py:878} INFO - 
================================================================================
DAG File Processing Stats

File Path                        PID  Runtime      # DAGs    # Errors  Last Runtime    Last Run
-----------------------------  -----  ---------  --------  ----------  --------------  -------------------
/opt/airflow/dags/detector.py    184  0.01s             1           0  0.13s           2024-07-29T17:56:57
================================================================================
[2024-07-29T17:57:57.362+0000] {manager.py:878} INFO - 
================================================================================
DAG File Processing Stats

File Path                        PID  Runtime      # DAGs    # Errors  Last Runtime    Last Run
-----------------------------  -----  ---------  --------  ----------  --------------  -------------------
/opt/airflow/dags/detector.py    189  0.00s             1           0  0.14s           2024-07-29T17:57:27
================================================================================
[2024-07-29T17:58:27.548+0000] {manager.py:878} INFO - 
================================================================================
DAG File Processing Stats

File Path                        PID  Runtime      # DAGs    # Errors  Last Runtime    Last Run
-----------------------------  -----  ---------  --------  ----------  --------------  -------------------
/opt/airflow/dags/detector.py    194  0.00s             1           0  0.10s           2024-07-29T17:57:57
================================================================================
[2024-07-29T17:58:57.797+0000] {manager.py:878} INFO - 
================================================================================
DAG File Processing Stats

File Path                        PID  Runtime      # DAGs    # Errors  Last Runtime    Last Run
-----------------------------  -----  ---------  --------  ----------  --------------  -------------------
/opt/airflow/dags/detector.py    199  0.01s             1           0  0.10s           2024-07-29T17:58:27
================================================================================
[2024-07-29T17:59:28.039+0000] {manager.py:878} INFO - 
================================================================================
DAG File Processing Stats

File Path                        PID  Runtime      # DAGs    # Errors  Last Runtime    Last Run
-----------------------------  -----  ---------  --------  ----------  --------------  -------------------
/opt/airflow/dags/detector.py    204  0.01s             1           0  0.12s           2024-07-29T17:58:57
================================================================================
[2024-07-29T17:59:58.267+0000] {manager.py:878} INFO - 
================================================================================
DAG File Processing Stats

File Path                        PID  Runtime      # DAGs    # Errors  Last Runtime    Last Run
-----------------------------  -----  ---------  --------  ----------  --------------  -------------------
/opt/airflow/dags/detector.py    209  0.01s             1           0  0.11s           2024-07-29T17:59:28
================================================================================
[2024-07-29T18:00:26.472+0000] {manager.py:737} INFO - Searching for files in /opt/airflow/dags
[2024-07-29T18:00:26.476+0000] {manager.py:740} INFO - There are 1 files in /opt/airflow/dags
[2024-07-29T18:00:28.538+0000] {manager.py:878} INFO - 
================================================================================
DAG File Processing Stats

File Path                        PID  Runtime      # DAGs    # Errors  Last Runtime    Last Run
-----------------------------  -----  ---------  --------  ----------  --------------  -------------------
/opt/airflow/dags/detector.py    214  0.01s             1           0  0.12s           2024-07-29T17:59:58
================================================================================
[2024-07-29T18:00:58.763+0000] {manager.py:878} INFO - 
================================================================================
DAG File Processing Stats

File Path                        PID  Runtime      # DAGs    # Errors  Last Runtime    Last Run
-----------------------------  -----  ---------  --------  ----------  --------------  -------------------
/opt/airflow/dags/detector.py    219  0.01s             1           0  0.11s           2024-07-29T18:00:28
================================================================================
[2024-07-29T18:01:29.012+0000] {manager.py:878} INFO - 
================================================================================
DAG File Processing Stats

File Path                        PID  Runtime      # DAGs    # Errors  Last Runtime    Last Run
-----------------------------  -----  ---------  --------  ----------  --------------  -------------------
/opt/airflow/dags/detector.py    224  0.01s             1           0  0.16s           2024-07-29T18:00:58
================================================================================
[2024-07-29T18:01:59.287+0000] {manager.py:878} INFO - 
================================================================================
DAG File Processing Stats

File Path                        PID  Runtime      # DAGs    # Errors  Last Runtime    Last Run
-----------------------------  -----  ---------  --------  ----------  --------------  -------------------
/opt/airflow/dags/detector.py    229  0.01s             1           0  0.12s           2024-07-29T18:01:29
================================================================================
[2024-07-29T18:02:23.332+0000] {manager.py:452} INFO - Exiting gracefully upon receiving signal 15
[2024-07-29T18:02:57.755+0000] {manager.py:470} INFO - Processing files using up to 2 processes at a time 
[2024-07-29T18:02:57.756+0000] {manager.py:471} INFO - Process each file at most once every 30 seconds
[2024-07-29T18:02:57.756+0000] {manager.py:472} INFO - Checking for new files in /opt/airflow/dags every 300 seconds
[2024-07-29T18:02:57.757+0000] {manager.py:737} INFO - Searching for files in /opt/airflow/dags
[2024-07-29T18:02:57.758+0000] {manager.py:740} INFO - There are 1 files in /opt/airflow/dags
[2024-07-29T18:02:57.882+0000] {manager.py:878} INFO - 
================================================================================
DAG File Processing Stats

File Path                        PID  Runtime      # DAGs    # Errors  Last Runtime    Last Run
-----------------------------  -----  ---------  --------  ----------  --------------  ----------
/opt/airflow/dags/detector.py    164  0.04s             0           0
================================================================================
[2024-07-29T18:03:28.000+0000] {manager.py:878} INFO - 
================================================================================
DAG File Processing Stats

File Path                      PID    Runtime      # DAGs    # Errors  Last Runtime    Last Run
-----------------------------  -----  ---------  --------  ----------  --------------  -------------------
/opt/airflow/dags/detector.py                           1           0  0.33s           2024-07-29T18:02:58
================================================================================
[2024-07-29T18:03:31.909+0000] {manager.py:452} INFO - Exiting gracefully upon receiving signal 15
[2024-07-29T18:25:49.978+0000] {manager.py:470} INFO - Processing files using up to 2 processes at a time 
[2024-07-29T18:25:49.979+0000] {manager.py:471} INFO - Process each file at most once every 30 seconds
[2024-07-29T18:25:49.979+0000] {manager.py:472} INFO - Checking for new files in /opt/airflow/dags every 300 seconds
[2024-07-29T18:25:49.980+0000] {manager.py:737} INFO - Searching for files in /opt/airflow/dags
[2024-07-29T18:25:49.981+0000] {manager.py:740} INFO - There are 1 files in /opt/airflow/dags
[2024-07-29T18:25:50.098+0000] {manager.py:878} INFO - 
================================================================================
DAG File Processing Stats

File Path                        PID  Runtime      # DAGs    # Errors  Last Runtime    Last Run
-----------------------------  -----  ---------  --------  ----------  --------------  ----------
/opt/airflow/dags/detector.py    164  0.03s             0           0
================================================================================
[2024-07-29T18:26:20.210+0000] {manager.py:878} INFO - 
================================================================================
DAG File Processing Stats

File Path                      PID    Runtime      # DAGs    # Errors  Last Runtime    Last Run
-----------------------------  -----  ---------  --------  ----------  --------------  -------------------
/opt/airflow/dags/detector.py                           1           0  0.38s           2024-07-29T18:25:50
================================================================================
[2024-07-29T18:26:50.787+0000] {manager.py:878} INFO - 
================================================================================
DAG File Processing Stats

File Path                        PID  Runtime      # DAGs    # Errors  Last Runtime    Last Run
-----------------------------  -----  ---------  --------  ----------  --------------  -------------------
/opt/airflow/dags/detector.py    174  0.01s             1           0  0.15s           2024-07-29T18:26:20
================================================================================
[2024-07-29T18:27:20.989+0000] {manager.py:878} INFO - 
================================================================================
DAG File Processing Stats

File Path                        PID  Runtime      # DAGs    # Errors  Last Runtime    Last Run
-----------------------------  -----  ---------  --------  ----------  --------------  -------------------
/opt/airflow/dags/detector.py    179  0.01s             1           0  0.10s           2024-07-29T18:26:50
================================================================================
[2024-07-29T18:27:51.259+0000] {manager.py:878} INFO - 
================================================================================
DAG File Processing Stats

File Path                        PID  Runtime      # DAGs    # Errors  Last Runtime    Last Run
-----------------------------  -----  ---------  --------  ----------  --------------  -------------------
/opt/airflow/dags/detector.py    184  0.01s             1           0  0.12s           2024-07-29T18:27:21
================================================================================
[2024-07-29T18:28:21.485+0000] {manager.py:878} INFO - 
================================================================================
DAG File Processing Stats

File Path                        PID  Runtime      # DAGs    # Errors  Last Runtime    Last Run
-----------------------------  -----  ---------  --------  ----------  --------------  -------------------
/opt/airflow/dags/detector.py    189  0.01s             1           0  0.10s           2024-07-29T18:27:51
================================================================================
[2024-07-29T18:28:51.736+0000] {manager.py:878} INFO - 
================================================================================
DAG File Processing Stats

File Path                        PID  Runtime      # DAGs    # Errors  Last Runtime    Last Run
-----------------------------  -----  ---------  --------  ----------  --------------  -------------------
/opt/airflow/dags/detector.py    194  0.01s             1           0  0.12s           2024-07-29T18:28:21
================================================================================
[2024-07-29T18:29:21.970+0000] {manager.py:878} INFO - 
================================================================================
DAG File Processing Stats

File Path                        PID  Runtime      # DAGs    # Errors  Last Runtime    Last Run
-----------------------------  -----  ---------  --------  ----------  --------------  -------------------
/opt/airflow/dags/detector.py    199  0.00s             1           0  0.12s           2024-07-29T18:28:51
================================================================================
[2024-07-29T18:29:52.218+0000] {manager.py:878} INFO - 
================================================================================
DAG File Processing Stats

File Path                        PID  Runtime      # DAGs    # Errors  Last Runtime    Last Run
-----------------------------  -----  ---------  --------  ----------  --------------  -------------------
/opt/airflow/dags/detector.py    204  0.01s             1           0  0.10s           2024-07-29T18:29:22
================================================================================
[2024-07-29T18:30:22.396+0000] {manager.py:878} INFO - 
================================================================================
DAG File Processing Stats

File Path                        PID  Runtime      # DAGs    # Errors  Last Runtime    Last Run
-----------------------------  -----  ---------  --------  ----------  --------------  -------------------
/opt/airflow/dags/detector.py    209  0.01s             1           0  0.11s           2024-07-29T18:29:52
================================================================================
[2024-07-29T18:30:50.618+0000] {manager.py:737} INFO - Searching for files in /opt/airflow/dags
[2024-07-29T18:30:50.623+0000] {manager.py:740} INFO - There are 1 files in /opt/airflow/dags
[2024-07-29T18:30:52.683+0000] {manager.py:878} INFO - 
================================================================================
DAG File Processing Stats

File Path                        PID  Runtime      # DAGs    # Errors  Last Runtime    Last Run
-----------------------------  -----  ---------  --------  ----------  --------------  -------------------
/opt/airflow/dags/detector.py    214  0.01s             1           0  0.12s           2024-07-29T18:30:22
================================================================================
[2024-07-29T18:31:22.868+0000] {manager.py:878} INFO - 
================================================================================
DAG File Processing Stats

File Path                        PID  Runtime      # DAGs    # Errors  Last Runtime    Last Run
-----------------------------  -----  ---------  --------  ----------  --------------  -------------------
/opt/airflow/dags/detector.py    219  0.01s             1           0  0.14s           2024-07-29T18:30:52
================================================================================
[2024-07-29T18:31:53.173+0000] {manager.py:878} INFO - 
================================================================================
DAG File Processing Stats

File Path                        PID  Runtime      # DAGs    # Errors  Last Runtime    Last Run
-----------------------------  -----  ---------  --------  ----------  --------------  -------------------
/opt/airflow/dags/detector.py    224  0.01s             1           0  0.12s           2024-07-29T18:31:22
================================================================================
[2024-07-29T18:32:23.396+0000] {manager.py:878} INFO - 
================================================================================
DAG File Processing Stats

File Path                        PID  Runtime      # DAGs    # Errors  Last Runtime    Last Run
-----------------------------  -----  ---------  --------  ----------  --------------  -------------------
/opt/airflow/dags/detector.py    229  0.01s             1           0  0.10s           2024-07-29T18:31:53
================================================================================
[2024-07-29T18:32:53.610+0000] {manager.py:878} INFO - 
================================================================================
DAG File Processing Stats

File Path                        PID  Runtime      # DAGs    # Errors  Last Runtime    Last Run
-----------------------------  -----  ---------  --------  ----------  --------------  -------------------
/opt/airflow/dags/detector.py    234  0.01s             1           0  0.13s           2024-07-29T18:32:23
================================================================================
[2024-07-29T18:33:23.798+0000] {manager.py:878} INFO - 
================================================================================
DAG File Processing Stats

File Path                        PID  Runtime      # DAGs    # Errors  Last Runtime    Last Run
-----------------------------  -----  ---------  --------  ----------  --------------  -------------------
/opt/airflow/dags/detector.py    239  0.00s             1           0  0.11s           2024-07-29T18:32:53
================================================================================
[2024-07-29T18:33:54.008+0000] {manager.py:878} INFO - 
================================================================================
DAG File Processing Stats

File Path                        PID  Runtime      # DAGs    # Errors  Last Runtime    Last Run
-----------------------------  -----  ---------  --------  ----------  --------------  -------------------
/opt/airflow/dags/detector.py    244  0.01s             1           0  0.09s           2024-07-29T18:33:23
================================================================================
[2024-07-29T18:34:24.197+0000] {manager.py:878} INFO - 
================================================================================
DAG File Processing Stats

File Path                        PID  Runtime      # DAGs    # Errors  Last Runtime    Last Run
-----------------------------  -----  ---------  --------  ----------  --------------  -------------------
/opt/airflow/dags/detector.py    249  0.00s             1           0  0.12s           2024-07-29T18:33:54
================================================================================
[2024-07-29T18:34:54.490+0000] {manager.py:878} INFO - 
================================================================================
DAG File Processing Stats

File Path                        PID  Runtime      # DAGs    # Errors  Last Runtime    Last Run
-----------------------------  -----  ---------  --------  ----------  --------------  -------------------
/opt/airflow/dags/detector.py    254  0.01s             1           0  0.10s           2024-07-29T18:34:24
================================================================================
[2024-07-29T18:35:24.707+0000] {manager.py:878} INFO - 
================================================================================
DAG File Processing Stats

File Path                        PID  Runtime      # DAGs    # Errors  Last Runtime    Last Run
-----------------------------  -----  ---------  --------  ----------  --------------  -------------------
/opt/airflow/dags/detector.py    259  0.01s             1           0  0.10s           2024-07-29T18:34:54
================================================================================
[2024-07-29T18:35:50.897+0000] {manager.py:737} INFO - Searching for files in /opt/airflow/dags
[2024-07-29T18:35:50.901+0000] {manager.py:740} INFO - There are 1 files in /opt/airflow/dags
[2024-07-29T18:35:54.973+0000] {manager.py:878} INFO - 
================================================================================
DAG File Processing Stats

File Path                        PID  Runtime      # DAGs    # Errors  Last Runtime    Last Run
-----------------------------  -----  ---------  --------  ----------  --------------  -------------------
/opt/airflow/dags/detector.py    264  0.01s             1           0  0.13s           2024-07-29T18:35:24
================================================================================
[2024-07-29T18:36:25.180+0000] {manager.py:878} INFO - 
================================================================================
DAG File Processing Stats

File Path                        PID  Runtime      # DAGs    # Errors  Last Runtime    Last Run
-----------------------------  -----  ---------  --------  ----------  --------------  -------------------
/opt/airflow/dags/detector.py    352  0.01s             1           0  0.12s           2024-07-29T18:35:55
================================================================================
[2024-07-29T18:36:55.418+0000] {manager.py:878} INFO - 
================================================================================
DAG File Processing Stats

File Path                        PID  Runtime      # DAGs    # Errors  Last Runtime    Last Run
-----------------------------  -----  ---------  --------  ----------  --------------  -------------------
/opt/airflow/dags/detector.py    359  0.01s             1           0  0.13s           2024-07-29T18:36:25
================================================================================
[2024-07-29T18:37:25.638+0000] {manager.py:878} INFO - 
================================================================================
DAG File Processing Stats

File Path                        PID  Runtime      # DAGs    # Errors  Last Runtime    Last Run
-----------------------------  -----  ---------  --------  ----------  --------------  -------------------
/opt/airflow/dags/detector.py    377  0.01s             1           0  0.13s           2024-07-29T18:36:55
================================================================================
[2024-07-29T18:37:55.887+0000] {manager.py:878} INFO - 
================================================================================
DAG File Processing Stats

File Path                        PID  Runtime      # DAGs    # Errors  Last Runtime    Last Run
-----------------------------  -----  ---------  --------  ----------  --------------  -------------------
/opt/airflow/dags/detector.py    382  0.01s             1           0  0.13s           2024-07-29T18:37:25
================================================================================
[2024-07-29T18:38:26.141+0000] {manager.py:878} INFO - 
================================================================================
DAG File Processing Stats

File Path                        PID  Runtime      # DAGs    # Errors  Last Runtime    Last Run
-----------------------------  -----  ---------  --------  ----------  --------------  -------------------
/opt/airflow/dags/detector.py    387  0.01s             1           0  0.13s           2024-07-29T18:37:56
================================================================================
[2024-07-29T18:38:56.394+0000] {manager.py:878} INFO - 
================================================================================
DAG File Processing Stats

File Path                        PID  Runtime      # DAGs    # Errors  Last Runtime    Last Run
-----------------------------  -----  ---------  --------  ----------  --------------  -------------------
/opt/airflow/dags/detector.py    392  0.01s             1           0  0.13s           2024-07-29T18:38:26
================================================================================
[2024-07-29T18:39:26.632+0000] {manager.py:878} INFO - 
================================================================================
DAG File Processing Stats

File Path                        PID  Runtime      # DAGs    # Errors  Last Runtime    Last Run
-----------------------------  -----  ---------  --------  ----------  --------------  -------------------
/opt/airflow/dags/detector.py    397  0.01s             1           0  0.10s           2024-07-29T18:38:56
================================================================================
[2024-07-29T18:39:56.862+0000] {manager.py:878} INFO - 
================================================================================
DAG File Processing Stats

File Path                        PID  Runtime      # DAGs    # Errors  Last Runtime    Last Run
-----------------------------  -----  ---------  --------  ----------  --------------  -------------------
/opt/airflow/dags/detector.py    402  0.01s             1           0  0.11s           2024-07-29T18:39:26
================================================================================
[2024-07-29T18:40:27.120+0000] {manager.py:878} INFO - 
================================================================================
DAG File Processing Stats

File Path                        PID  Runtime      # DAGs    # Errors  Last Runtime    Last Run
-----------------------------  -----  ---------  --------  ----------  --------------  -------------------
/opt/airflow/dags/detector.py    407  0.01s             1           0  0.14s           2024-07-29T18:39:56
================================================================================
[2024-07-29T18:40:51.312+0000] {manager.py:737} INFO - Searching for files in /opt/airflow/dags
[2024-07-29T18:40:51.317+0000] {manager.py:740} INFO - There are 1 files in /opt/airflow/dags
[2024-07-29T18:40:57.380+0000] {manager.py:878} INFO - 
================================================================================
DAG File Processing Stats

File Path                        PID  Runtime      # DAGs    # Errors  Last Runtime    Last Run
-----------------------------  -----  ---------  --------  ----------  --------------  -------------------
/opt/airflow/dags/detector.py    412  0.00s             1           0  0.12s           2024-07-29T18:40:27
================================================================================
[2024-07-29T18:41:27.590+0000] {manager.py:878} INFO - 
================================================================================
DAG File Processing Stats

File Path                        PID  Runtime      # DAGs    # Errors  Last Runtime    Last Run
-----------------------------  -----  ---------  --------  ----------  --------------  -------------------
/opt/airflow/dags/detector.py    417  0.01s             1           0  0.09s           2024-07-29T18:40:57
================================================================================
[2024-07-29T18:41:57.835+0000] {manager.py:878} INFO - 
================================================================================
DAG File Processing Stats

File Path                        PID  Runtime      # DAGs    # Errors  Last Runtime    Last Run
-----------------------------  -----  ---------  --------  ----------  --------------  -------------------
/opt/airflow/dags/detector.py    422  0.01s             1           0  0.13s           2024-07-29T18:41:27
================================================================================
[2024-07-29T18:42:28.085+0000] {manager.py:878} INFO - 
================================================================================
DAG File Processing Stats

File Path                        PID  Runtime      # DAGs    # Errors  Last Runtime    Last Run
-----------------------------  -----  ---------  --------  ----------  --------------  -------------------
/opt/airflow/dags/detector.py    427  0.01s             1           0  0.11s           2024-07-29T18:41:57
================================================================================
[2024-07-29T18:42:58.332+0000] {manager.py:878} INFO - 
================================================================================
DAG File Processing Stats

File Path                        PID  Runtime      # DAGs    # Errors  Last Runtime    Last Run
-----------------------------  -----  ---------  --------  ----------  --------------  -------------------
/opt/airflow/dags/detector.py    432  0.01s             1           0  0.12s           2024-07-29T18:42:28
================================================================================
[2024-07-29T18:43:28.557+0000] {manager.py:878} INFO - 
================================================================================
DAG File Processing Stats

File Path                        PID  Runtime      # DAGs    # Errors  Last Runtime    Last Run
-----------------------------  -----  ---------  --------  ----------  --------------  -------------------
/opt/airflow/dags/detector.py    437  0.01s             1           0  0.11s           2024-07-29T18:42:58
================================================================================
[2024-07-29T18:43:58.778+0000] {manager.py:878} INFO - 
================================================================================
DAG File Processing Stats

File Path                        PID  Runtime      # DAGs    # Errors  Last Runtime    Last Run
-----------------------------  -----  ---------  --------  ----------  --------------  -------------------
/opt/airflow/dags/detector.py    442  0.00s             1           0  0.14s           2024-07-29T18:43:28
================================================================================
[2024-07-29T18:44:29.042+0000] {manager.py:878} INFO - 
================================================================================
DAG File Processing Stats

File Path                        PID  Runtime      # DAGs    # Errors  Last Runtime    Last Run
-----------------------------  -----  ---------  --------  ----------  --------------  -------------------
/opt/airflow/dags/detector.py    447  0.00s             1           0  0.09s           2024-07-29T18:43:58
================================================================================
[2024-07-29T18:44:59.255+0000] {manager.py:878} INFO - 
================================================================================
DAG File Processing Stats

File Path                        PID  Runtime      # DAGs    # Errors  Last Runtime    Last Run
-----------------------------  -----  ---------  --------  ----------  --------------  -------------------
/opt/airflow/dags/detector.py    452  0.01s             1           0  0.09s           2024-07-29T18:44:29
================================================================================
[2024-07-29T18:45:29.497+0000] {manager.py:878} INFO - 
================================================================================
DAG File Processing Stats

File Path                        PID  Runtime      # DAGs    # Errors  Last Runtime    Last Run
-----------------------------  -----  ---------  --------  ----------  --------------  -------------------
/opt/airflow/dags/detector.py    457  0.01s             1           0  0.12s           2024-07-29T18:44:59
================================================================================
[2024-07-29T18:45:51.678+0000] {manager.py:737} INFO - Searching for files in /opt/airflow/dags
[2024-07-29T18:45:51.682+0000] {manager.py:740} INFO - There are 1 files in /opt/airflow/dags
[2024-07-29T18:45:59.750+0000] {manager.py:878} INFO - 
================================================================================
DAG File Processing Stats

File Path                        PID  Runtime      # DAGs    # Errors  Last Runtime    Last Run
-----------------------------  -----  ---------  --------  ----------  --------------  -------------------
/opt/airflow/dags/detector.py    462  0.00s             1           0  0.12s           2024-07-29T18:45:29
================================================================================
[2024-07-29T18:46:29.973+0000] {manager.py:878} INFO - 
================================================================================
DAG File Processing Stats

File Path                        PID  Runtime      # DAGs    # Errors  Last Runtime    Last Run
-----------------------------  -----  ---------  --------  ----------  --------------  -------------------
/opt/airflow/dags/detector.py    467  0.01s             1           0  0.09s           2024-07-29T18:45:59
================================================================================
[2024-07-29T18:47:00.219+0000] {manager.py:878} INFO - 
================================================================================
DAG File Processing Stats

File Path                        PID  Runtime      # DAGs    # Errors  Last Runtime    Last Run
-----------------------------  -----  ---------  --------  ----------  --------------  -------------------
/opt/airflow/dags/detector.py    472  0.01s             1           0  0.10s           2024-07-29T18:46:30
================================================================================
[2024-07-29T18:47:30.441+0000] {manager.py:878} INFO - 
================================================================================
DAG File Processing Stats

File Path                        PID  Runtime      # DAGs    # Errors  Last Runtime    Last Run
-----------------------------  -----  ---------  --------  ----------  --------------  -------------------
/opt/airflow/dags/detector.py    477  0.01s             1           0  0.12s           2024-07-29T18:47:00
================================================================================
[2024-07-29T18:48:00.708+0000] {manager.py:878} INFO - 
================================================================================
DAG File Processing Stats

File Path                        PID  Runtime      # DAGs    # Errors  Last Runtime    Last Run
-----------------------------  -----  ---------  --------  ----------  --------------  -------------------
/opt/airflow/dags/detector.py    482  0.01s             1           0  0.14s           2024-07-29T18:47:30
================================================================================
[2024-07-29T18:48:30.949+0000] {manager.py:878} INFO - 
================================================================================
DAG File Processing Stats

File Path                        PID  Runtime      # DAGs    # Errors  Last Runtime    Last Run
-----------------------------  -----  ---------  --------  ----------  --------------  -------------------
/opt/airflow/dags/detector.py    487  0.01s             1           0  0.14s           2024-07-29T18:48:00
================================================================================
[2024-07-29T18:49:01.203+0000] {manager.py:878} INFO - 
================================================================================
DAG File Processing Stats

File Path                        PID  Runtime      # DAGs    # Errors  Last Runtime    Last Run
-----------------------------  -----  ---------  --------  ----------  --------------  -------------------
/opt/airflow/dags/detector.py    492  0.00s             1           0  0.12s           2024-07-29T18:48:31
================================================================================
[2024-07-29T18:49:31.416+0000] {manager.py:878} INFO - 
================================================================================
DAG File Processing Stats

File Path                        PID  Runtime      # DAGs    # Errors  Last Runtime    Last Run
-----------------------------  -----  ---------  --------  ----------  --------------  -------------------
/opt/airflow/dags/detector.py    497  0.01s             1           0  0.09s           2024-07-29T18:49:01
================================================================================
[2024-07-29T18:50:01.649+0000] {manager.py:878} INFO - 
================================================================================
DAG File Processing Stats

File Path                        PID  Runtime      # DAGs    # Errors  Last Runtime    Last Run
-----------------------------  -----  ---------  --------  ----------  --------------  -------------------
/opt/airflow/dags/detector.py    502  0.01s             1           0  0.10s           2024-07-29T18:49:31
================================================================================
[2024-07-29T18:50:31.877+0000] {manager.py:878} INFO - 
================================================================================
DAG File Processing Stats

File Path                        PID  Runtime      # DAGs    # Errors  Last Runtime    Last Run
-----------------------------  -----  ---------  --------  ----------  --------------  -------------------
/opt/airflow/dags/detector.py    507  0.01s             1           0  0.11s           2024-07-29T18:50:01
================================================================================
[2024-07-29T18:50:52.042+0000] {manager.py:737} INFO - Searching for files in /opt/airflow/dags
[2024-07-29T18:50:52.046+0000] {manager.py:740} INFO - There are 1 files in /opt/airflow/dags
[2024-07-29T18:50:58.741+0000] {manager.py:452} INFO - Exiting gracefully upon receiving signal 15
