[2024-07-29T17:45:40.830+0000] {processor.py:161} INFO - Started process (PID=164) to work on /opt/airflow/dags/detector.py
[2024-07-29T17:45:40.831+0000] {processor.py:830} INFO - Processing file /opt/airflow/dags/detector.py for tasks to queue
[2024-07-29T17:45:40.832+0000] {logging_mixin.py:188} INFO - [2024-07-29T17:45:40.832+0000] {dagbag.py:540} INFO - Filling up the DagBag from /opt/airflow/dags/detector.py
[2024-07-29T17:45:40.859+0000] {processor.py:840} INFO - DAG(s) 'simple_detector' retrieved from /opt/airflow/dags/detector.py
[2024-07-29T17:45:41.101+0000] {logging_mixin.py:188} INFO - [2024-07-29T17:45:41.100+0000] {override.py:1829} INFO - Created Permission View: can read on DAG:simple_detector
[2024-07-29T17:45:41.109+0000] {logging_mixin.py:188} INFO - [2024-07-29T17:45:41.109+0000] {override.py:1829} INFO - Created Permission View: can edit on DAG:simple_detector
[2024-07-29T17:45:41.115+0000] {logging_mixin.py:188} INFO - [2024-07-29T17:45:41.115+0000] {override.py:1829} INFO - Created Permission View: can delete on DAG:simple_detector
[2024-07-29T17:45:41.115+0000] {logging_mixin.py:188} INFO - [2024-07-29T17:45:41.115+0000] {dag.py:3096} INFO - Sync 1 DAGs
[2024-07-29T17:45:41.126+0000] {logging_mixin.py:188} INFO - [2024-07-29T17:45:41.125+0000] {dag.py:3118} INFO - Creating ORM DAG for simple_detector
[2024-07-29T17:45:41.126+0000] {logging_mixin.py:188} INFO - [2024-07-29T17:45:41.126+0000] {dag.py:3954} INFO - Setting next_dagrun for simple_detector to None, run_after=None
[2024-07-29T17:45:41.140+0000] {processor.py:183} INFO - Processing /opt/airflow/dags/detector.py took 0.314 seconds
[2024-07-29T17:46:11.303+0000] {processor.py:161} INFO - Started process (PID=169) to work on /opt/airflow/dags/detector.py
[2024-07-29T17:46:11.305+0000] {processor.py:830} INFO - Processing file /opt/airflow/dags/detector.py for tasks to queue
[2024-07-29T17:46:11.309+0000] {logging_mixin.py:188} INFO - [2024-07-29T17:46:11.308+0000] {dagbag.py:540} INFO - Filling up the DagBag from /opt/airflow/dags/detector.py
[2024-07-29T17:46:11.327+0000] {processor.py:840} INFO - DAG(s) 'simple_detector' retrieved from /opt/airflow/dags/detector.py
[2024-07-29T17:46:11.351+0000] {logging_mixin.py:188} INFO - [2024-07-29T17:46:11.351+0000] {dag.py:3096} INFO - Sync 1 DAGs
[2024-07-29T17:46:11.362+0000] {logging_mixin.py:188} INFO - [2024-07-29T17:46:11.362+0000] {dag.py:3954} INFO - Setting next_dagrun for simple_detector to None, run_after=None
[2024-07-29T17:46:11.378+0000] {processor.py:183} INFO - Processing /opt/airflow/dags/detector.py took 0.092 seconds
[2024-07-29T17:46:41.483+0000] {processor.py:161} INFO - Started process (PID=205) to work on /opt/airflow/dags/detector.py
[2024-07-29T17:46:41.484+0000] {processor.py:830} INFO - Processing file /opt/airflow/dags/detector.py for tasks to queue
[2024-07-29T17:46:41.487+0000] {logging_mixin.py:188} INFO - [2024-07-29T17:46:41.486+0000] {dagbag.py:540} INFO - Filling up the DagBag from /opt/airflow/dags/detector.py
[2024-07-29T17:46:41.510+0000] {processor.py:840} INFO - DAG(s) 'simple_detector' retrieved from /opt/airflow/dags/detector.py
[2024-07-29T17:46:41.556+0000] {logging_mixin.py:188} INFO - [2024-07-29T17:46:41.556+0000] {dag.py:3096} INFO - Sync 1 DAGs
[2024-07-29T17:46:41.578+0000] {logging_mixin.py:188} INFO - [2024-07-29T17:46:41.578+0000] {dag.py:3954} INFO - Setting next_dagrun for simple_detector to None, run_after=None
[2024-07-29T17:46:41.609+0000] {processor.py:183} INFO - Processing /opt/airflow/dags/detector.py took 0.134 seconds
[2024-07-29T17:47:11.712+0000] {processor.py:161} INFO - Started process (PID=267) to work on /opt/airflow/dags/detector.py
[2024-07-29T17:47:11.714+0000] {processor.py:830} INFO - Processing file /opt/airflow/dags/detector.py for tasks to queue
[2024-07-29T17:47:11.715+0000] {logging_mixin.py:188} INFO - [2024-07-29T17:47:11.715+0000] {dagbag.py:540} INFO - Filling up the DagBag from /opt/airflow/dags/detector.py
[2024-07-29T17:47:11.734+0000] {processor.py:840} INFO - DAG(s) 'simple_detector' retrieved from /opt/airflow/dags/detector.py
[2024-07-29T17:47:11.771+0000] {logging_mixin.py:188} INFO - [2024-07-29T17:47:11.771+0000] {dag.py:3096} INFO - Sync 1 DAGs
[2024-07-29T17:47:11.790+0000] {logging_mixin.py:188} INFO - [2024-07-29T17:47:11.789+0000] {dag.py:3954} INFO - Setting next_dagrun for simple_detector to None, run_after=None
[2024-07-29T17:47:11.813+0000] {processor.py:183} INFO - Processing /opt/airflow/dags/detector.py took 0.109 seconds
[2024-07-29T17:47:41.935+0000] {processor.py:161} INFO - Started process (PID=282) to work on /opt/airflow/dags/detector.py
[2024-07-29T17:47:41.936+0000] {processor.py:830} INFO - Processing file /opt/airflow/dags/detector.py for tasks to queue
[2024-07-29T17:47:41.937+0000] {logging_mixin.py:188} INFO - [2024-07-29T17:47:41.937+0000] {dagbag.py:540} INFO - Filling up the DagBag from /opt/airflow/dags/detector.py
[2024-07-29T17:47:41.948+0000] {processor.py:840} INFO - DAG(s) 'simple_detector' retrieved from /opt/airflow/dags/detector.py
[2024-07-29T17:47:41.972+0000] {logging_mixin.py:188} INFO - [2024-07-29T17:47:41.972+0000] {dag.py:3096} INFO - Sync 1 DAGs
[2024-07-29T17:47:41.984+0000] {logging_mixin.py:188} INFO - [2024-07-29T17:47:41.984+0000] {dag.py:3954} INFO - Setting next_dagrun for simple_detector to None, run_after=None
[2024-07-29T17:47:42.000+0000] {processor.py:183} INFO - Processing /opt/airflow/dags/detector.py took 0.070 seconds
[2024-07-29T17:48:12.209+0000] {processor.py:161} INFO - Started process (PID=287) to work on /opt/airflow/dags/detector.py
[2024-07-29T17:48:12.210+0000] {processor.py:830} INFO - Processing file /opt/airflow/dags/detector.py for tasks to queue
[2024-07-29T17:48:12.213+0000] {logging_mixin.py:188} INFO - [2024-07-29T17:48:12.212+0000] {dagbag.py:540} INFO - Filling up the DagBag from /opt/airflow/dags/detector.py
[2024-07-29T17:48:12.229+0000] {processor.py:840} INFO - DAG(s) 'simple_detector' retrieved from /opt/airflow/dags/detector.py
[2024-07-29T17:48:12.252+0000] {logging_mixin.py:188} INFO - [2024-07-29T17:48:12.252+0000] {dag.py:3096} INFO - Sync 1 DAGs
[2024-07-29T17:48:12.263+0000] {logging_mixin.py:188} INFO - [2024-07-29T17:48:12.263+0000] {dag.py:3954} INFO - Setting next_dagrun for simple_detector to None, run_after=None
[2024-07-29T17:48:12.279+0000] {processor.py:183} INFO - Processing /opt/airflow/dags/detector.py took 0.079 seconds
[2024-07-29T17:48:42.439+0000] {processor.py:161} INFO - Started process (PID=292) to work on /opt/airflow/dags/detector.py
[2024-07-29T17:48:42.440+0000] {processor.py:830} INFO - Processing file /opt/airflow/dags/detector.py for tasks to queue
[2024-07-29T17:48:42.443+0000] {logging_mixin.py:188} INFO - [2024-07-29T17:48:42.443+0000] {dagbag.py:540} INFO - Filling up the DagBag from /opt/airflow/dags/detector.py
[2024-07-29T17:48:42.462+0000] {processor.py:840} INFO - DAG(s) 'simple_detector' retrieved from /opt/airflow/dags/detector.py
[2024-07-29T17:48:42.485+0000] {logging_mixin.py:188} INFO - [2024-07-29T17:48:42.485+0000] {dag.py:3096} INFO - Sync 1 DAGs
[2024-07-29T17:48:42.496+0000] {logging_mixin.py:188} INFO - [2024-07-29T17:48:42.496+0000] {dag.py:3954} INFO - Setting next_dagrun for simple_detector to None, run_after=None
[2024-07-29T17:48:42.511+0000] {processor.py:183} INFO - Processing /opt/airflow/dags/detector.py took 0.084 seconds
[2024-07-29T17:49:12.661+0000] {processor.py:161} INFO - Started process (PID=297) to work on /opt/airflow/dags/detector.py
[2024-07-29T17:49:12.661+0000] {processor.py:830} INFO - Processing file /opt/airflow/dags/detector.py for tasks to queue
[2024-07-29T17:49:12.663+0000] {logging_mixin.py:188} INFO - [2024-07-29T17:49:12.662+0000] {dagbag.py:540} INFO - Filling up the DagBag from /opt/airflow/dags/detector.py
[2024-07-29T17:49:12.676+0000] {processor.py:840} INFO - DAG(s) 'simple_detector' retrieved from /opt/airflow/dags/detector.py
[2024-07-29T17:49:12.714+0000] {logging_mixin.py:188} INFO - [2024-07-29T17:49:12.713+0000] {dag.py:3096} INFO - Sync 1 DAGs
[2024-07-29T17:49:12.742+0000] {logging_mixin.py:188} INFO - [2024-07-29T17:49:12.741+0000] {dag.py:3954} INFO - Setting next_dagrun for simple_detector to None, run_after=None
[2024-07-29T17:49:12.770+0000] {processor.py:183} INFO - Processing /opt/airflow/dags/detector.py took 0.114 seconds
[2024-07-29T17:49:42.924+0000] {processor.py:161} INFO - Started process (PID=302) to work on /opt/airflow/dags/detector.py
[2024-07-29T17:49:42.925+0000] {processor.py:830} INFO - Processing file /opt/airflow/dags/detector.py for tasks to queue
[2024-07-29T17:49:42.927+0000] {logging_mixin.py:188} INFO - [2024-07-29T17:49:42.927+0000] {dagbag.py:540} INFO - Filling up the DagBag from /opt/airflow/dags/detector.py
[2024-07-29T17:49:42.943+0000] {processor.py:840} INFO - DAG(s) 'simple_detector' retrieved from /opt/airflow/dags/detector.py
[2024-07-29T17:49:42.967+0000] {logging_mixin.py:188} INFO - [2024-07-29T17:49:42.967+0000] {dag.py:3096} INFO - Sync 1 DAGs
[2024-07-29T17:49:42.978+0000] {logging_mixin.py:188} INFO - [2024-07-29T17:49:42.978+0000] {dag.py:3954} INFO - Setting next_dagrun for simple_detector to None, run_after=None
[2024-07-29T17:49:42.994+0000] {processor.py:183} INFO - Processing /opt/airflow/dags/detector.py took 0.079 seconds
[2024-07-29T17:50:13.167+0000] {processor.py:161} INFO - Started process (PID=307) to work on /opt/airflow/dags/detector.py
[2024-07-29T17:50:13.168+0000] {processor.py:830} INFO - Processing file /opt/airflow/dags/detector.py for tasks to queue
[2024-07-29T17:50:13.170+0000] {logging_mixin.py:188} INFO - [2024-07-29T17:50:13.169+0000] {dagbag.py:540} INFO - Filling up the DagBag from /opt/airflow/dags/detector.py
[2024-07-29T17:50:13.186+0000] {processor.py:840} INFO - DAG(s) 'simple_detector' retrieved from /opt/airflow/dags/detector.py
[2024-07-29T17:50:13.217+0000] {logging_mixin.py:188} INFO - [2024-07-29T17:50:13.216+0000] {dag.py:3096} INFO - Sync 1 DAGs
[2024-07-29T17:50:13.236+0000] {logging_mixin.py:188} INFO - [2024-07-29T17:50:13.235+0000] {dag.py:3954} INFO - Setting next_dagrun for simple_detector to None, run_after=None
[2024-07-29T17:50:13.257+0000] {processor.py:183} INFO - Processing /opt/airflow/dags/detector.py took 0.100 seconds
[2024-07-29T17:50:43.422+0000] {processor.py:161} INFO - Started process (PID=312) to work on /opt/airflow/dags/detector.py
[2024-07-29T17:50:43.422+0000] {processor.py:830} INFO - Processing file /opt/airflow/dags/detector.py for tasks to queue
[2024-07-29T17:50:43.424+0000] {logging_mixin.py:188} INFO - [2024-07-29T17:50:43.424+0000] {dagbag.py:540} INFO - Filling up the DagBag from /opt/airflow/dags/detector.py
[2024-07-29T17:50:43.435+0000] {processor.py:840} INFO - DAG(s) 'simple_detector' retrieved from /opt/airflow/dags/detector.py
[2024-07-29T17:50:43.459+0000] {logging_mixin.py:188} INFO - [2024-07-29T17:50:43.458+0000] {dag.py:3096} INFO - Sync 1 DAGs
[2024-07-29T17:50:43.470+0000] {logging_mixin.py:188} INFO - [2024-07-29T17:50:43.470+0000] {dag.py:3954} INFO - Setting next_dagrun for simple_detector to None, run_after=None
[2024-07-29T17:50:43.486+0000] {processor.py:183} INFO - Processing /opt/airflow/dags/detector.py took 0.072 seconds
[2024-07-29T17:51:13.622+0000] {processor.py:161} INFO - Started process (PID=317) to work on /opt/airflow/dags/detector.py
[2024-07-29T17:51:13.623+0000] {processor.py:830} INFO - Processing file /opt/airflow/dags/detector.py for tasks to queue
[2024-07-29T17:51:13.624+0000] {logging_mixin.py:188} INFO - [2024-07-29T17:51:13.624+0000] {dagbag.py:540} INFO - Filling up the DagBag from /opt/airflow/dags/detector.py
[2024-07-29T17:51:13.636+0000] {processor.py:840} INFO - DAG(s) 'simple_detector' retrieved from /opt/airflow/dags/detector.py
[2024-07-29T17:51:13.662+0000] {logging_mixin.py:188} INFO - [2024-07-29T17:51:13.662+0000] {dag.py:3096} INFO - Sync 1 DAGs
[2024-07-29T17:51:13.674+0000] {logging_mixin.py:188} INFO - [2024-07-29T17:51:13.673+0000] {dag.py:3954} INFO - Setting next_dagrun for simple_detector to None, run_after=None
[2024-07-29T17:51:13.689+0000] {processor.py:183} INFO - Processing /opt/airflow/dags/detector.py took 0.073 seconds
[2024-07-29T17:51:43.849+0000] {processor.py:161} INFO - Started process (PID=322) to work on /opt/airflow/dags/detector.py
[2024-07-29T17:51:43.850+0000] {processor.py:830} INFO - Processing file /opt/airflow/dags/detector.py for tasks to queue
[2024-07-29T17:51:43.852+0000] {logging_mixin.py:188} INFO - [2024-07-29T17:51:43.851+0000] {dagbag.py:540} INFO - Filling up the DagBag from /opt/airflow/dags/detector.py
[2024-07-29T17:51:43.870+0000] {processor.py:840} INFO - DAG(s) 'simple_detector' retrieved from /opt/airflow/dags/detector.py
[2024-07-29T17:51:43.895+0000] {logging_mixin.py:188} INFO - [2024-07-29T17:51:43.895+0000] {dag.py:3096} INFO - Sync 1 DAGs
[2024-07-29T17:51:43.906+0000] {logging_mixin.py:188} INFO - [2024-07-29T17:51:43.906+0000] {dag.py:3954} INFO - Setting next_dagrun for simple_detector to None, run_after=None
[2024-07-29T17:51:43.923+0000] {processor.py:183} INFO - Processing /opt/airflow/dags/detector.py took 0.082 seconds
[2024-07-29T17:52:14.049+0000] {processor.py:161} INFO - Started process (PID=327) to work on /opt/airflow/dags/detector.py
[2024-07-29T17:52:14.050+0000] {processor.py:830} INFO - Processing file /opt/airflow/dags/detector.py for tasks to queue
[2024-07-29T17:52:14.052+0000] {logging_mixin.py:188} INFO - [2024-07-29T17:52:14.052+0000] {dagbag.py:540} INFO - Filling up the DagBag from /opt/airflow/dags/detector.py
[2024-07-29T17:52:14.069+0000] {processor.py:840} INFO - DAG(s) 'simple_detector' retrieved from /opt/airflow/dags/detector.py
[2024-07-29T17:52:14.093+0000] {logging_mixin.py:188} INFO - [2024-07-29T17:52:14.093+0000] {dag.py:3096} INFO - Sync 1 DAGs
[2024-07-29T17:52:14.106+0000] {logging_mixin.py:188} INFO - [2024-07-29T17:52:14.105+0000] {dag.py:3954} INFO - Setting next_dagrun for simple_detector to None, run_after=None
[2024-07-29T17:52:14.127+0000] {processor.py:183} INFO - Processing /opt/airflow/dags/detector.py took 0.087 seconds
[2024-07-29T17:52:44.290+0000] {processor.py:161} INFO - Started process (PID=332) to work on /opt/airflow/dags/detector.py
[2024-07-29T17:52:44.290+0000] {processor.py:830} INFO - Processing file /opt/airflow/dags/detector.py for tasks to queue
[2024-07-29T17:52:44.292+0000] {logging_mixin.py:188} INFO - [2024-07-29T17:52:44.292+0000] {dagbag.py:540} INFO - Filling up the DagBag from /opt/airflow/dags/detector.py
[2024-07-29T17:52:44.307+0000] {processor.py:840} INFO - DAG(s) 'simple_detector' retrieved from /opt/airflow/dags/detector.py
[2024-07-29T17:52:44.334+0000] {logging_mixin.py:188} INFO - [2024-07-29T17:52:44.334+0000] {dag.py:3096} INFO - Sync 1 DAGs
[2024-07-29T17:52:44.347+0000] {logging_mixin.py:188} INFO - [2024-07-29T17:52:44.347+0000] {dag.py:3954} INFO - Setting next_dagrun for simple_detector to None, run_after=None
[2024-07-29T17:52:44.364+0000] {processor.py:183} INFO - Processing /opt/airflow/dags/detector.py took 0.082 seconds
[2024-07-29T17:53:14.457+0000] {processor.py:161} INFO - Started process (PID=337) to work on /opt/airflow/dags/detector.py
[2024-07-29T17:53:14.458+0000] {processor.py:830} INFO - Processing file /opt/airflow/dags/detector.py for tasks to queue
[2024-07-29T17:53:14.459+0000] {logging_mixin.py:188} INFO - [2024-07-29T17:53:14.459+0000] {dagbag.py:540} INFO - Filling up the DagBag from /opt/airflow/dags/detector.py
[2024-07-29T17:53:14.471+0000] {processor.py:840} INFO - DAG(s) 'simple_detector' retrieved from /opt/airflow/dags/detector.py
[2024-07-29T17:53:14.498+0000] {logging_mixin.py:188} INFO - [2024-07-29T17:53:14.498+0000] {dag.py:3096} INFO - Sync 1 DAGs
[2024-07-29T17:53:14.512+0000] {logging_mixin.py:188} INFO - [2024-07-29T17:53:14.512+0000] {dag.py:3954} INFO - Setting next_dagrun for simple_detector to None, run_after=None
[2024-07-29T17:53:14.530+0000] {processor.py:183} INFO - Processing /opt/airflow/dags/detector.py took 0.078 seconds
[2024-07-29T17:53:44.734+0000] {processor.py:161} INFO - Started process (PID=342) to work on /opt/airflow/dags/detector.py
[2024-07-29T17:53:44.734+0000] {processor.py:830} INFO - Processing file /opt/airflow/dags/detector.py for tasks to queue
[2024-07-29T17:53:44.736+0000] {logging_mixin.py:188} INFO - [2024-07-29T17:53:44.735+0000] {dagbag.py:540} INFO - Filling up the DagBag from /opt/airflow/dags/detector.py
[2024-07-29T17:53:44.749+0000] {processor.py:840} INFO - DAG(s) 'simple_detector' retrieved from /opt/airflow/dags/detector.py
[2024-07-29T17:53:44.772+0000] {logging_mixin.py:188} INFO - [2024-07-29T17:53:44.772+0000] {dag.py:3096} INFO - Sync 1 DAGs
[2024-07-29T17:53:44.784+0000] {logging_mixin.py:188} INFO - [2024-07-29T17:53:44.784+0000] {dag.py:3954} INFO - Setting next_dagrun for simple_detector to None, run_after=None
[2024-07-29T17:53:44.801+0000] {processor.py:183} INFO - Processing /opt/airflow/dags/detector.py took 0.073 seconds
[2024-07-29T17:54:14.948+0000] {processor.py:161} INFO - Started process (PID=347) to work on /opt/airflow/dags/detector.py
[2024-07-29T17:54:14.950+0000] {processor.py:830} INFO - Processing file /opt/airflow/dags/detector.py for tasks to queue
[2024-07-29T17:54:14.953+0000] {logging_mixin.py:188} INFO - [2024-07-29T17:54:14.952+0000] {dagbag.py:540} INFO - Filling up the DagBag from /opt/airflow/dags/detector.py
[2024-07-29T17:54:14.971+0000] {processor.py:840} INFO - DAG(s) 'simple_detector' retrieved from /opt/airflow/dags/detector.py
[2024-07-29T17:54:14.994+0000] {logging_mixin.py:188} INFO - [2024-07-29T17:54:14.994+0000] {dag.py:3096} INFO - Sync 1 DAGs
[2024-07-29T17:54:15.007+0000] {logging_mixin.py:188} INFO - [2024-07-29T17:54:15.006+0000] {dag.py:3954} INFO - Setting next_dagrun for simple_detector to None, run_after=None
[2024-07-29T17:54:15.025+0000] {processor.py:183} INFO - Processing /opt/airflow/dags/detector.py took 0.089 seconds
[2024-07-29T17:54:45.202+0000] {processor.py:161} INFO - Started process (PID=352) to work on /opt/airflow/dags/detector.py
[2024-07-29T17:54:45.203+0000] {processor.py:830} INFO - Processing file /opt/airflow/dags/detector.py for tasks to queue
[2024-07-29T17:54:45.205+0000] {logging_mixin.py:188} INFO - [2024-07-29T17:54:45.205+0000] {dagbag.py:540} INFO - Filling up the DagBag from /opt/airflow/dags/detector.py
[2024-07-29T17:54:45.224+0000] {processor.py:840} INFO - DAG(s) 'simple_detector' retrieved from /opt/airflow/dags/detector.py
[2024-07-29T17:54:45.248+0000] {logging_mixin.py:188} INFO - [2024-07-29T17:54:45.248+0000] {dag.py:3096} INFO - Sync 1 DAGs
[2024-07-29T17:54:45.260+0000] {logging_mixin.py:188} INFO - [2024-07-29T17:54:45.259+0000] {dag.py:3954} INFO - Setting next_dagrun for simple_detector to None, run_after=None
[2024-07-29T17:54:45.277+0000] {processor.py:183} INFO - Processing /opt/airflow/dags/detector.py took 0.084 seconds
[2024-07-29T17:55:25.803+0000] {processor.py:161} INFO - Started process (PID=164) to work on /opt/airflow/dags/detector.py
[2024-07-29T17:55:25.805+0000] {processor.py:830} INFO - Processing file /opt/airflow/dags/detector.py for tasks to queue
[2024-07-29T17:55:25.807+0000] {logging_mixin.py:188} INFO - [2024-07-29T17:55:25.807+0000] {dagbag.py:540} INFO - Filling up the DagBag from /opt/airflow/dags/detector.py
[2024-07-29T17:55:25.847+0000] {processor.py:840} INFO - DAG(s) 'simple_detector' retrieved from /opt/airflow/dags/detector.py
[2024-07-29T17:55:26.158+0000] {logging_mixin.py:188} INFO - [2024-07-29T17:55:26.157+0000] {override.py:1829} INFO - Created Permission View: can edit on DAG:simple_detector
[2024-07-29T17:55:26.172+0000] {logging_mixin.py:188} INFO - [2024-07-29T17:55:26.171+0000] {override.py:1829} INFO - Created Permission View: can delete on DAG:simple_detector
[2024-07-29T17:55:26.187+0000] {logging_mixin.py:188} INFO - [2024-07-29T17:55:26.187+0000] {override.py:1829} INFO - Created Permission View: can read on DAG:simple_detector
[2024-07-29T17:55:26.188+0000] {logging_mixin.py:188} INFO - [2024-07-29T17:55:26.187+0000] {dag.py:3096} INFO - Sync 1 DAGs
[2024-07-29T17:55:26.200+0000] {logging_mixin.py:188} INFO - [2024-07-29T17:55:26.200+0000] {dag.py:3118} INFO - Creating ORM DAG for simple_detector
[2024-07-29T17:55:26.201+0000] {logging_mixin.py:188} INFO - [2024-07-29T17:55:26.201+0000] {dag.py:3954} INFO - Setting next_dagrun for simple_detector to None, run_after=None
[2024-07-29T17:55:26.232+0000] {processor.py:183} INFO - Processing /opt/airflow/dags/detector.py took 0.437 seconds
[2024-07-29T17:55:56.403+0000] {processor.py:161} INFO - Started process (PID=169) to work on /opt/airflow/dags/detector.py
[2024-07-29T17:55:56.405+0000] {processor.py:830} INFO - Processing file /opt/airflow/dags/detector.py for tasks to queue
[2024-07-29T17:55:56.408+0000] {logging_mixin.py:188} INFO - [2024-07-29T17:55:56.407+0000] {dagbag.py:540} INFO - Filling up the DagBag from /opt/airflow/dags/detector.py
[2024-07-29T17:55:56.426+0000] {processor.py:840} INFO - DAG(s) 'simple_detector' retrieved from /opt/airflow/dags/detector.py
[2024-07-29T17:55:56.457+0000] {logging_mixin.py:188} INFO - [2024-07-29T17:55:56.456+0000] {dag.py:3096} INFO - Sync 1 DAGs
[2024-07-29T17:55:56.470+0000] {logging_mixin.py:188} INFO - [2024-07-29T17:55:56.469+0000] {dag.py:3954} INFO - Setting next_dagrun for simple_detector to None, run_after=None
[2024-07-29T17:55:56.494+0000] {processor.py:183} INFO - Processing /opt/airflow/dags/detector.py took 0.104 seconds
[2024-07-29T17:56:26.621+0000] {processor.py:161} INFO - Started process (PID=174) to work on /opt/airflow/dags/detector.py
[2024-07-29T17:56:26.622+0000] {processor.py:830} INFO - Processing file /opt/airflow/dags/detector.py for tasks to queue
[2024-07-29T17:56:26.625+0000] {logging_mixin.py:188} INFO - [2024-07-29T17:56:26.624+0000] {dagbag.py:540} INFO - Filling up the DagBag from /opt/airflow/dags/detector.py
[2024-07-29T17:56:26.644+0000] {processor.py:840} INFO - DAG(s) 'simple_detector' retrieved from /opt/airflow/dags/detector.py
[2024-07-29T17:56:26.670+0000] {logging_mixin.py:188} INFO - [2024-07-29T17:56:26.670+0000] {dag.py:3096} INFO - Sync 1 DAGs
[2024-07-29T17:56:26.682+0000] {logging_mixin.py:188} INFO - [2024-07-29T17:56:26.682+0000] {dag.py:3954} INFO - Setting next_dagrun for simple_detector to None, run_after=None
[2024-07-29T17:56:26.698+0000] {processor.py:183} INFO - Processing /opt/airflow/dags/detector.py took 0.089 seconds
[2024-07-29T17:56:56.906+0000] {processor.py:161} INFO - Started process (PID=179) to work on /opt/airflow/dags/detector.py
[2024-07-29T17:56:56.907+0000] {processor.py:830} INFO - Processing file /opt/airflow/dags/detector.py for tasks to queue
[2024-07-29T17:56:56.909+0000] {logging_mixin.py:188} INFO - [2024-07-29T17:56:56.909+0000] {dagbag.py:540} INFO - Filling up the DagBag from /opt/airflow/dags/detector.py
[2024-07-29T17:56:56.928+0000] {processor.py:840} INFO - DAG(s) 'simple_detector' retrieved from /opt/airflow/dags/detector.py
[2024-07-29T17:56:56.961+0000] {logging_mixin.py:188} INFO - [2024-07-29T17:56:56.961+0000] {dag.py:3096} INFO - Sync 1 DAGs
[2024-07-29T17:56:56.974+0000] {logging_mixin.py:188} INFO - [2024-07-29T17:56:56.974+0000] {dag.py:3954} INFO - Setting next_dagrun for simple_detector to None, run_after=None
[2024-07-29T17:56:56.997+0000] {processor.py:183} INFO - Processing /opt/airflow/dags/detector.py took 0.101 seconds
[2024-07-29T17:57:27.107+0000] {processor.py:161} INFO - Started process (PID=184) to work on /opt/airflow/dags/detector.py
[2024-07-29T17:57:27.108+0000] {processor.py:830} INFO - Processing file /opt/airflow/dags/detector.py for tasks to queue
[2024-07-29T17:57:27.110+0000] {logging_mixin.py:188} INFO - [2024-07-29T17:57:27.109+0000] {dagbag.py:540} INFO - Filling up the DagBag from /opt/airflow/dags/detector.py
[2024-07-29T17:57:27.135+0000] {processor.py:840} INFO - DAG(s) 'simple_detector' retrieved from /opt/airflow/dags/detector.py
[2024-07-29T17:57:27.174+0000] {logging_mixin.py:188} INFO - [2024-07-29T17:57:27.174+0000] {dag.py:3096} INFO - Sync 1 DAGs
[2024-07-29T17:57:27.194+0000] {logging_mixin.py:188} INFO - [2024-07-29T17:57:27.194+0000] {dag.py:3954} INFO - Setting next_dagrun for simple_detector to None, run_after=None
[2024-07-29T17:57:27.217+0000] {processor.py:183} INFO - Processing /opt/airflow/dags/detector.py took 0.118 seconds
[2024-07-29T17:57:57.373+0000] {processor.py:161} INFO - Started process (PID=189) to work on /opt/airflow/dags/detector.py
[2024-07-29T17:57:57.374+0000] {processor.py:830} INFO - Processing file /opt/airflow/dags/detector.py for tasks to queue
[2024-07-29T17:57:57.376+0000] {logging_mixin.py:188} INFO - [2024-07-29T17:57:57.375+0000] {dagbag.py:540} INFO - Filling up the DagBag from /opt/airflow/dags/detector.py
[2024-07-29T17:57:57.391+0000] {processor.py:840} INFO - DAG(s) 'simple_detector' retrieved from /opt/airflow/dags/detector.py
[2024-07-29T17:57:57.416+0000] {logging_mixin.py:188} INFO - [2024-07-29T17:57:57.416+0000] {dag.py:3096} INFO - Sync 1 DAGs
[2024-07-29T17:57:57.428+0000] {logging_mixin.py:188} INFO - [2024-07-29T17:57:57.428+0000] {dag.py:3954} INFO - Setting next_dagrun for simple_detector to None, run_after=None
[2024-07-29T17:57:57.444+0000] {processor.py:183} INFO - Processing /opt/airflow/dags/detector.py took 0.079 seconds
[2024-07-29T17:58:27.558+0000] {processor.py:161} INFO - Started process (PID=194) to work on /opt/airflow/dags/detector.py
[2024-07-29T17:58:27.558+0000] {processor.py:830} INFO - Processing file /opt/airflow/dags/detector.py for tasks to queue
[2024-07-29T17:58:27.560+0000] {logging_mixin.py:188} INFO - [2024-07-29T17:58:27.560+0000] {dagbag.py:540} INFO - Filling up the DagBag from /opt/airflow/dags/detector.py
[2024-07-29T17:58:27.575+0000] {processor.py:840} INFO - DAG(s) 'simple_detector' retrieved from /opt/airflow/dags/detector.py
[2024-07-29T17:58:27.608+0000] {logging_mixin.py:188} INFO - [2024-07-29T17:58:27.608+0000] {dag.py:3096} INFO - Sync 1 DAGs
[2024-07-29T17:58:27.623+0000] {logging_mixin.py:188} INFO - [2024-07-29T17:58:27.623+0000] {dag.py:3954} INFO - Setting next_dagrun for simple_detector to None, run_after=None
[2024-07-29T17:58:27.640+0000] {processor.py:183} INFO - Processing /opt/airflow/dags/detector.py took 0.088 seconds
[2024-07-29T17:58:57.824+0000] {processor.py:161} INFO - Started process (PID=199) to work on /opt/airflow/dags/detector.py
[2024-07-29T17:58:57.825+0000] {processor.py:830} INFO - Processing file /opt/airflow/dags/detector.py for tasks to queue
[2024-07-29T17:58:57.828+0000] {logging_mixin.py:188} INFO - [2024-07-29T17:58:57.828+0000] {dagbag.py:540} INFO - Filling up the DagBag from /opt/airflow/dags/detector.py
[2024-07-29T17:58:57.845+0000] {processor.py:840} INFO - DAG(s) 'simple_detector' retrieved from /opt/airflow/dags/detector.py
[2024-07-29T17:58:57.870+0000] {logging_mixin.py:188} INFO - [2024-07-29T17:58:57.870+0000] {dag.py:3096} INFO - Sync 1 DAGs
[2024-07-29T17:58:57.887+0000] {logging_mixin.py:188} INFO - [2024-07-29T17:58:57.886+0000] {dag.py:3954} INFO - Setting next_dagrun for simple_detector to None, run_after=None
[2024-07-29T17:58:57.902+0000] {processor.py:183} INFO - Processing /opt/airflow/dags/detector.py took 0.095 seconds
[2024-07-29T17:59:28.056+0000] {processor.py:161} INFO - Started process (PID=204) to work on /opt/airflow/dags/detector.py
[2024-07-29T17:59:28.057+0000] {processor.py:830} INFO - Processing file /opt/airflow/dags/detector.py for tasks to queue
[2024-07-29T17:59:28.059+0000] {logging_mixin.py:188} INFO - [2024-07-29T17:59:28.058+0000] {dagbag.py:540} INFO - Filling up the DagBag from /opt/airflow/dags/detector.py
[2024-07-29T17:59:28.072+0000] {processor.py:840} INFO - DAG(s) 'simple_detector' retrieved from /opt/airflow/dags/detector.py
[2024-07-29T17:59:28.098+0000] {logging_mixin.py:188} INFO - [2024-07-29T17:59:28.098+0000] {dag.py:3096} INFO - Sync 1 DAGs
[2024-07-29T17:59:28.111+0000] {logging_mixin.py:188} INFO - [2024-07-29T17:59:28.110+0000] {dag.py:3954} INFO - Setting next_dagrun for simple_detector to None, run_after=None
[2024-07-29T17:59:28.129+0000] {processor.py:183} INFO - Processing /opt/airflow/dags/detector.py took 0.083 seconds
[2024-07-29T17:59:58.282+0000] {processor.py:161} INFO - Started process (PID=209) to work on /opt/airflow/dags/detector.py
[2024-07-29T17:59:58.283+0000] {processor.py:830} INFO - Processing file /opt/airflow/dags/detector.py for tasks to queue
[2024-07-29T17:59:58.284+0000] {logging_mixin.py:188} INFO - [2024-07-29T17:59:58.284+0000] {dagbag.py:540} INFO - Filling up the DagBag from /opt/airflow/dags/detector.py
[2024-07-29T17:59:58.299+0000] {processor.py:840} INFO - DAG(s) 'simple_detector' retrieved from /opt/airflow/dags/detector.py
[2024-07-29T17:59:58.332+0000] {logging_mixin.py:188} INFO - [2024-07-29T17:59:58.331+0000] {dag.py:3096} INFO - Sync 1 DAGs
[2024-07-29T17:59:58.348+0000] {logging_mixin.py:188} INFO - [2024-07-29T17:59:58.348+0000] {dag.py:3954} INFO - Setting next_dagrun for simple_detector to None, run_after=None
[2024-07-29T17:59:58.368+0000] {processor.py:183} INFO - Processing /opt/airflow/dags/detector.py took 0.096 seconds
[2024-07-29T18:00:28.554+0000] {processor.py:161} INFO - Started process (PID=214) to work on /opt/airflow/dags/detector.py
[2024-07-29T18:00:28.555+0000] {processor.py:830} INFO - Processing file /opt/airflow/dags/detector.py for tasks to queue
[2024-07-29T18:00:28.557+0000] {logging_mixin.py:188} INFO - [2024-07-29T18:00:28.557+0000] {dagbag.py:540} INFO - Filling up the DagBag from /opt/airflow/dags/detector.py
[2024-07-29T18:00:28.575+0000] {processor.py:840} INFO - DAG(s) 'simple_detector' retrieved from /opt/airflow/dags/detector.py
[2024-07-29T18:00:28.600+0000] {logging_mixin.py:188} INFO - [2024-07-29T18:00:28.600+0000] {dag.py:3096} INFO - Sync 1 DAGs
[2024-07-29T18:00:28.613+0000] {logging_mixin.py:188} INFO - [2024-07-29T18:00:28.613+0000] {dag.py:3954} INFO - Setting next_dagrun for simple_detector to None, run_after=None
[2024-07-29T18:00:28.631+0000] {processor.py:183} INFO - Processing /opt/airflow/dags/detector.py took 0.087 seconds
[2024-07-29T18:00:58.777+0000] {processor.py:161} INFO - Started process (PID=219) to work on /opt/airflow/dags/detector.py
[2024-07-29T18:00:58.778+0000] {processor.py:830} INFO - Processing file /opt/airflow/dags/detector.py for tasks to queue
[2024-07-29T18:00:58.781+0000] {logging_mixin.py:188} INFO - [2024-07-29T18:00:58.780+0000] {dagbag.py:540} INFO - Filling up the DagBag from /opt/airflow/dags/detector.py
[2024-07-29T18:00:58.806+0000] {processor.py:840} INFO - DAG(s) 'simple_detector' retrieved from /opt/airflow/dags/detector.py
[2024-07-29T18:00:58.848+0000] {logging_mixin.py:188} INFO - [2024-07-29T18:00:58.847+0000] {dag.py:3096} INFO - Sync 1 DAGs
[2024-07-29T18:00:58.868+0000] {logging_mixin.py:188} INFO - [2024-07-29T18:00:58.868+0000] {dag.py:3954} INFO - Setting next_dagrun for simple_detector to None, run_after=None
[2024-07-29T18:00:58.896+0000] {processor.py:183} INFO - Processing /opt/airflow/dags/detector.py took 0.128 seconds
[2024-07-29T18:01:29.039+0000] {processor.py:161} INFO - Started process (PID=224) to work on /opt/airflow/dags/detector.py
[2024-07-29T18:01:29.041+0000] {processor.py:830} INFO - Processing file /opt/airflow/dags/detector.py for tasks to queue
[2024-07-29T18:01:29.044+0000] {logging_mixin.py:188} INFO - [2024-07-29T18:01:29.043+0000] {dagbag.py:540} INFO - Filling up the DagBag from /opt/airflow/dags/detector.py
[2024-07-29T18:01:29.061+0000] {processor.py:840} INFO - DAG(s) 'simple_detector' retrieved from /opt/airflow/dags/detector.py
[2024-07-29T18:01:29.085+0000] {logging_mixin.py:188} INFO - [2024-07-29T18:01:29.085+0000] {dag.py:3096} INFO - Sync 1 DAGs
[2024-07-29T18:01:29.096+0000] {logging_mixin.py:188} INFO - [2024-07-29T18:01:29.096+0000] {dag.py:3954} INFO - Setting next_dagrun for simple_detector to None, run_after=None
[2024-07-29T18:01:29.113+0000] {processor.py:183} INFO - Processing /opt/airflow/dags/detector.py took 0.092 seconds
[2024-07-29T18:01:59.307+0000] {processor.py:161} INFO - Started process (PID=229) to work on /opt/airflow/dags/detector.py
[2024-07-29T18:01:59.308+0000] {processor.py:830} INFO - Processing file /opt/airflow/dags/detector.py for tasks to queue
[2024-07-29T18:01:59.310+0000] {logging_mixin.py:188} INFO - [2024-07-29T18:01:59.309+0000] {dagbag.py:540} INFO - Filling up the DagBag from /opt/airflow/dags/detector.py
[2024-07-29T18:01:59.322+0000] {processor.py:840} INFO - DAG(s) 'simple_detector' retrieved from /opt/airflow/dags/detector.py
[2024-07-29T18:01:59.345+0000] {logging_mixin.py:188} INFO - [2024-07-29T18:01:59.345+0000] {dag.py:3096} INFO - Sync 1 DAGs
[2024-07-29T18:01:59.357+0000] {logging_mixin.py:188} INFO - [2024-07-29T18:01:59.357+0000] {dag.py:3954} INFO - Setting next_dagrun for simple_detector to None, run_after=None
[2024-07-29T18:01:59.372+0000] {processor.py:183} INFO - Processing /opt/airflow/dags/detector.py took 0.075 seconds
[2024-07-29T18:02:57.856+0000] {processor.py:161} INFO - Started process (PID=164) to work on /opt/airflow/dags/detector.py
[2024-07-29T18:02:57.857+0000] {processor.py:830} INFO - Processing file /opt/airflow/dags/detector.py for tasks to queue
[2024-07-29T18:02:57.859+0000] {logging_mixin.py:188} INFO - [2024-07-29T18:02:57.859+0000] {dagbag.py:540} INFO - Filling up the DagBag from /opt/airflow/dags/detector.py
[2024-07-29T18:02:57.888+0000] {processor.py:840} INFO - DAG(s) 'simple_detector' retrieved from /opt/airflow/dags/detector.py
[2024-07-29T18:02:58.122+0000] {logging_mixin.py:188} INFO - [2024-07-29T18:02:58.122+0000] {override.py:1829} INFO - Created Permission View: can delete on DAG:simple_detector
[2024-07-29T18:02:58.131+0000] {logging_mixin.py:188} INFO - [2024-07-29T18:02:58.131+0000] {override.py:1829} INFO - Created Permission View: can read on DAG:simple_detector
[2024-07-29T18:02:58.136+0000] {logging_mixin.py:188} INFO - [2024-07-29T18:02:58.136+0000] {override.py:1829} INFO - Created Permission View: can edit on DAG:simple_detector
[2024-07-29T18:02:58.137+0000] {logging_mixin.py:188} INFO - [2024-07-29T18:02:58.137+0000] {dag.py:3096} INFO - Sync 1 DAGs
[2024-07-29T18:02:58.148+0000] {logging_mixin.py:188} INFO - [2024-07-29T18:02:58.147+0000] {dag.py:3118} INFO - Creating ORM DAG for simple_detector
[2024-07-29T18:02:58.148+0000] {logging_mixin.py:188} INFO - [2024-07-29T18:02:58.148+0000] {dag.py:3954} INFO - Setting next_dagrun for simple_detector to None, run_after=None
[2024-07-29T18:02:58.163+0000] {processor.py:183} INFO - Processing /opt/airflow/dags/detector.py took 0.313 seconds
[2024-07-29T18:03:28.327+0000] {processor.py:161} INFO - Started process (PID=169) to work on /opt/airflow/dags/detector.py
[2024-07-29T18:03:28.328+0000] {processor.py:830} INFO - Processing file /opt/airflow/dags/detector.py for tasks to queue
[2024-07-29T18:03:28.331+0000] {logging_mixin.py:188} INFO - [2024-07-29T18:03:28.330+0000] {dagbag.py:540} INFO - Filling up the DagBag from /opt/airflow/dags/detector.py
[2024-07-29T18:03:28.346+0000] {processor.py:840} INFO - DAG(s) 'simple_detector' retrieved from /opt/airflow/dags/detector.py
[2024-07-29T18:03:28.371+0000] {logging_mixin.py:188} INFO - [2024-07-29T18:03:28.370+0000] {dag.py:3096} INFO - Sync 1 DAGs
[2024-07-29T18:03:28.382+0000] {logging_mixin.py:188} INFO - [2024-07-29T18:03:28.382+0000] {dag.py:3954} INFO - Setting next_dagrun for simple_detector to None, run_after=None
[2024-07-29T18:03:28.399+0000] {processor.py:183} INFO - Processing /opt/airflow/dags/detector.py took 0.090 seconds
[2024-07-29T18:25:50.083+0000] {processor.py:161} INFO - Started process (PID=164) to work on /opt/airflow/dags/detector.py
[2024-07-29T18:25:50.084+0000] {processor.py:830} INFO - Processing file /opt/airflow/dags/detector.py for tasks to queue
[2024-07-29T18:25:50.086+0000] {logging_mixin.py:188} INFO - [2024-07-29T18:25:50.086+0000] {dagbag.py:540} INFO - Filling up the DagBag from /opt/airflow/dags/detector.py
[2024-07-29T18:25:50.119+0000] {processor.py:840} INFO - DAG(s) 'simple_detector' retrieved from /opt/airflow/dags/detector.py
[2024-07-29T18:25:50.397+0000] {logging_mixin.py:188} INFO - [2024-07-29T18:25:50.396+0000] {override.py:1829} INFO - Created Permission View: can read on DAG:simple_detector
[2024-07-29T18:25:50.405+0000] {logging_mixin.py:188} INFO - [2024-07-29T18:25:50.405+0000] {override.py:1829} INFO - Created Permission View: can delete on DAG:simple_detector
[2024-07-29T18:25:50.411+0000] {logging_mixin.py:188} INFO - [2024-07-29T18:25:50.411+0000] {override.py:1829} INFO - Created Permission View: can edit on DAG:simple_detector
[2024-07-29T18:25:50.412+0000] {logging_mixin.py:188} INFO - [2024-07-29T18:25:50.412+0000] {dag.py:3096} INFO - Sync 1 DAGs
[2024-07-29T18:25:50.422+0000] {logging_mixin.py:188} INFO - [2024-07-29T18:25:50.422+0000] {dag.py:3118} INFO - Creating ORM DAG for simple_detector
[2024-07-29T18:25:50.423+0000] {logging_mixin.py:188} INFO - [2024-07-29T18:25:50.423+0000] {dag.py:3954} INFO - Setting next_dagrun for simple_detector to None, run_after=None
[2024-07-29T18:25:50.437+0000] {processor.py:183} INFO - Processing /opt/airflow/dags/detector.py took 0.361 seconds
[2024-07-29T18:26:20.609+0000] {processor.py:161} INFO - Started process (PID=169) to work on /opt/airflow/dags/detector.py
[2024-07-29T18:26:20.610+0000] {processor.py:830} INFO - Processing file /opt/airflow/dags/detector.py for tasks to queue
[2024-07-29T18:26:20.612+0000] {logging_mixin.py:188} INFO - [2024-07-29T18:26:20.612+0000] {dagbag.py:540} INFO - Filling up the DagBag from /opt/airflow/dags/detector.py
[2024-07-29T18:26:20.630+0000] {processor.py:840} INFO - DAG(s) 'simple_detector' retrieved from /opt/airflow/dags/detector.py
[2024-07-29T18:26:20.668+0000] {logging_mixin.py:188} INFO - [2024-07-29T18:26:20.667+0000] {dag.py:3096} INFO - Sync 1 DAGs
[2024-07-29T18:26:20.685+0000] {logging_mixin.py:188} INFO - [2024-07-29T18:26:20.684+0000] {dag.py:3954} INFO - Setting next_dagrun for simple_detector to None, run_after=None
[2024-07-29T18:26:20.711+0000] {processor.py:183} INFO - Processing /opt/airflow/dags/detector.py took 0.116 seconds
[2024-07-29T18:26:50.805+0000] {processor.py:161} INFO - Started process (PID=174) to work on /opt/airflow/dags/detector.py
[2024-07-29T18:26:50.806+0000] {processor.py:830} INFO - Processing file /opt/airflow/dags/detector.py for tasks to queue
[2024-07-29T18:26:50.808+0000] {logging_mixin.py:188} INFO - [2024-07-29T18:26:50.808+0000] {dagbag.py:540} INFO - Filling up the DagBag from /opt/airflow/dags/detector.py
[2024-07-29T18:26:50.822+0000] {processor.py:840} INFO - DAG(s) 'simple_detector' retrieved from /opt/airflow/dags/detector.py
[2024-07-29T18:26:50.846+0000] {logging_mixin.py:188} INFO - [2024-07-29T18:26:50.845+0000] {dag.py:3096} INFO - Sync 1 DAGs
[2024-07-29T18:26:50.857+0000] {logging_mixin.py:188} INFO - [2024-07-29T18:26:50.857+0000] {dag.py:3954} INFO - Setting next_dagrun for simple_detector to None, run_after=None
[2024-07-29T18:26:50.874+0000] {processor.py:183} INFO - Processing /opt/airflow/dags/detector.py took 0.079 seconds
[2024-07-29T18:27:21.000+0000] {processor.py:161} INFO - Started process (PID=179) to work on /opt/airflow/dags/detector.py
[2024-07-29T18:27:21.001+0000] {processor.py:830} INFO - Processing file /opt/airflow/dags/detector.py for tasks to queue
[2024-07-29T18:27:21.003+0000] {logging_mixin.py:188} INFO - [2024-07-29T18:27:21.003+0000] {dagbag.py:540} INFO - Filling up the DagBag from /opt/airflow/dags/detector.py
[2024-07-29T18:27:21.022+0000] {processor.py:840} INFO - DAG(s) 'simple_detector' retrieved from /opt/airflow/dags/detector.py
[2024-07-29T18:27:21.054+0000] {logging_mixin.py:188} INFO - [2024-07-29T18:27:21.054+0000] {dag.py:3096} INFO - Sync 1 DAGs
[2024-07-29T18:27:21.071+0000] {logging_mixin.py:188} INFO - [2024-07-29T18:27:21.070+0000] {dag.py:3954} INFO - Setting next_dagrun for simple_detector to None, run_after=None
[2024-07-29T18:27:21.090+0000] {processor.py:183} INFO - Processing /opt/airflow/dags/detector.py took 0.097 seconds
[2024-07-29T18:27:51.273+0000] {processor.py:161} INFO - Started process (PID=184) to work on /opt/airflow/dags/detector.py
[2024-07-29T18:27:51.274+0000] {processor.py:830} INFO - Processing file /opt/airflow/dags/detector.py for tasks to queue
[2024-07-29T18:27:51.275+0000] {logging_mixin.py:188} INFO - [2024-07-29T18:27:51.275+0000] {dagbag.py:540} INFO - Filling up the DagBag from /opt/airflow/dags/detector.py
[2024-07-29T18:27:51.290+0000] {processor.py:840} INFO - DAG(s) 'simple_detector' retrieved from /opt/airflow/dags/detector.py
[2024-07-29T18:27:51.315+0000] {logging_mixin.py:188} INFO - [2024-07-29T18:27:51.315+0000] {dag.py:3096} INFO - Sync 1 DAGs
[2024-07-29T18:27:51.327+0000] {logging_mixin.py:188} INFO - [2024-07-29T18:27:51.327+0000] {dag.py:3954} INFO - Setting next_dagrun for simple_detector to None, run_after=None
[2024-07-29T18:27:51.343+0000] {processor.py:183} INFO - Processing /opt/airflow/dags/detector.py took 0.077 seconds
[2024-07-29T18:28:21.511+0000] {processor.py:161} INFO - Started process (PID=189) to work on /opt/airflow/dags/detector.py
[2024-07-29T18:28:21.513+0000] {processor.py:830} INFO - Processing file /opt/airflow/dags/detector.py for tasks to queue
[2024-07-29T18:28:21.518+0000] {logging_mixin.py:188} INFO - [2024-07-29T18:28:21.517+0000] {dagbag.py:540} INFO - Filling up the DagBag from /opt/airflow/dags/detector.py
[2024-07-29T18:28:21.537+0000] {processor.py:840} INFO - DAG(s) 'simple_detector' retrieved from /opt/airflow/dags/detector.py
[2024-07-29T18:28:21.560+0000] {logging_mixin.py:188} INFO - [2024-07-29T18:28:21.560+0000] {dag.py:3096} INFO - Sync 1 DAGs
[2024-07-29T18:28:21.572+0000] {logging_mixin.py:188} INFO - [2024-07-29T18:28:21.572+0000] {dag.py:3954} INFO - Setting next_dagrun for simple_detector to None, run_after=None
[2024-07-29T18:28:21.587+0000] {processor.py:183} INFO - Processing /opt/airflow/dags/detector.py took 0.093 seconds
[2024-07-29T18:28:51.756+0000] {processor.py:161} INFO - Started process (PID=194) to work on /opt/airflow/dags/detector.py
[2024-07-29T18:28:51.757+0000] {processor.py:830} INFO - Processing file /opt/airflow/dags/detector.py for tasks to queue
[2024-07-29T18:28:51.759+0000] {logging_mixin.py:188} INFO - [2024-07-29T18:28:51.759+0000] {dagbag.py:540} INFO - Filling up the DagBag from /opt/airflow/dags/detector.py
[2024-07-29T18:28:51.776+0000] {processor.py:840} INFO - DAG(s) 'simple_detector' retrieved from /opt/airflow/dags/detector.py
[2024-07-29T18:28:51.807+0000] {logging_mixin.py:188} INFO - [2024-07-29T18:28:51.807+0000] {dag.py:3096} INFO - Sync 1 DAGs
[2024-07-29T18:28:51.820+0000] {logging_mixin.py:188} INFO - [2024-07-29T18:28:51.819+0000] {dag.py:3954} INFO - Setting next_dagrun for simple_detector to None, run_after=None
[2024-07-29T18:28:51.835+0000] {processor.py:183} INFO - Processing /opt/airflow/dags/detector.py took 0.091 seconds
[2024-07-29T18:29:21.978+0000] {processor.py:161} INFO - Started process (PID=199) to work on /opt/airflow/dags/detector.py
[2024-07-29T18:29:21.979+0000] {processor.py:830} INFO - Processing file /opt/airflow/dags/detector.py for tasks to queue
[2024-07-29T18:29:21.980+0000] {logging_mixin.py:188} INFO - [2024-07-29T18:29:21.980+0000] {dagbag.py:540} INFO - Filling up the DagBag from /opt/airflow/dags/detector.py
[2024-07-29T18:29:21.993+0000] {processor.py:840} INFO - DAG(s) 'simple_detector' retrieved from /opt/airflow/dags/detector.py
[2024-07-29T18:29:22.019+0000] {logging_mixin.py:188} INFO - [2024-07-29T18:29:22.019+0000] {dag.py:3096} INFO - Sync 1 DAGs
[2024-07-29T18:29:22.031+0000] {logging_mixin.py:188} INFO - [2024-07-29T18:29:22.031+0000] {dag.py:3954} INFO - Setting next_dagrun for simple_detector to None, run_after=None
[2024-07-29T18:29:22.054+0000] {processor.py:183} INFO - Processing /opt/airflow/dags/detector.py took 0.081 seconds
[2024-07-29T18:29:52.236+0000] {processor.py:161} INFO - Started process (PID=204) to work on /opt/airflow/dags/detector.py
[2024-07-29T18:29:52.237+0000] {processor.py:830} INFO - Processing file /opt/airflow/dags/detector.py for tasks to queue
[2024-07-29T18:29:52.239+0000] {logging_mixin.py:188} INFO - [2024-07-29T18:29:52.239+0000] {dagbag.py:540} INFO - Filling up the DagBag from /opt/airflow/dags/detector.py
[2024-07-29T18:29:52.255+0000] {processor.py:840} INFO - DAG(s) 'simple_detector' retrieved from /opt/airflow/dags/detector.py
[2024-07-29T18:29:52.280+0000] {logging_mixin.py:188} INFO - [2024-07-29T18:29:52.279+0000] {dag.py:3096} INFO - Sync 1 DAGs
[2024-07-29T18:29:52.291+0000] {logging_mixin.py:188} INFO - [2024-07-29T18:29:52.291+0000] {dag.py:3954} INFO - Setting next_dagrun for simple_detector to None, run_after=None
[2024-07-29T18:29:52.307+0000] {processor.py:183} INFO - Processing /opt/airflow/dags/detector.py took 0.081 seconds
[2024-07-29T18:30:22.415+0000] {processor.py:161} INFO - Started process (PID=209) to work on /opt/airflow/dags/detector.py
[2024-07-29T18:30:22.417+0000] {processor.py:830} INFO - Processing file /opt/airflow/dags/detector.py for tasks to queue
[2024-07-29T18:30:22.420+0000] {logging_mixin.py:188} INFO - [2024-07-29T18:30:22.419+0000] {dagbag.py:540} INFO - Filling up the DagBag from /opt/airflow/dags/detector.py
[2024-07-29T18:30:22.439+0000] {processor.py:840} INFO - DAG(s) 'simple_detector' retrieved from /opt/airflow/dags/detector.py
[2024-07-29T18:30:22.463+0000] {logging_mixin.py:188} INFO - [2024-07-29T18:30:22.463+0000] {dag.py:3096} INFO - Sync 1 DAGs
[2024-07-29T18:30:22.475+0000] {logging_mixin.py:188} INFO - [2024-07-29T18:30:22.475+0000] {dag.py:3954} INFO - Setting next_dagrun for simple_detector to None, run_after=None
[2024-07-29T18:30:22.491+0000] {processor.py:183} INFO - Processing /opt/airflow/dags/detector.py took 0.088 seconds
[2024-07-29T18:30:52.697+0000] {processor.py:161} INFO - Started process (PID=214) to work on /opt/airflow/dags/detector.py
[2024-07-29T18:30:52.699+0000] {processor.py:830} INFO - Processing file /opt/airflow/dags/detector.py for tasks to queue
[2024-07-29T18:30:52.701+0000] {logging_mixin.py:188} INFO - [2024-07-29T18:30:52.700+0000] {dagbag.py:540} INFO - Filling up the DagBag from /opt/airflow/dags/detector.py
[2024-07-29T18:30:52.716+0000] {processor.py:840} INFO - DAG(s) 'simple_detector' retrieved from /opt/airflow/dags/detector.py
[2024-07-29T18:30:52.751+0000] {logging_mixin.py:188} INFO - [2024-07-29T18:30:52.750+0000] {dag.py:3096} INFO - Sync 1 DAGs
[2024-07-29T18:30:52.773+0000] {logging_mixin.py:188} INFO - [2024-07-29T18:30:52.772+0000] {dag.py:3954} INFO - Setting next_dagrun for simple_detector to None, run_after=None
[2024-07-29T18:30:52.801+0000] {processor.py:183} INFO - Processing /opt/airflow/dags/detector.py took 0.112 seconds
[2024-07-29T18:31:22.896+0000] {processor.py:161} INFO - Started process (PID=219) to work on /opt/airflow/dags/detector.py
[2024-07-29T18:31:22.898+0000] {processor.py:830} INFO - Processing file /opt/airflow/dags/detector.py for tasks to queue
[2024-07-29T18:31:22.901+0000] {logging_mixin.py:188} INFO - [2024-07-29T18:31:22.901+0000] {dagbag.py:540} INFO - Filling up the DagBag from /opt/airflow/dags/detector.py
[2024-07-29T18:31:22.919+0000] {processor.py:840} INFO - DAG(s) 'simple_detector' retrieved from /opt/airflow/dags/detector.py
[2024-07-29T18:31:22.943+0000] {logging_mixin.py:188} INFO - [2024-07-29T18:31:22.943+0000] {dag.py:3096} INFO - Sync 1 DAGs
[2024-07-29T18:31:22.955+0000] {logging_mixin.py:188} INFO - [2024-07-29T18:31:22.955+0000] {dag.py:3954} INFO - Setting next_dagrun for simple_detector to None, run_after=None
[2024-07-29T18:31:22.971+0000] {processor.py:183} INFO - Processing /opt/airflow/dags/detector.py took 0.093 seconds
[2024-07-29T18:31:53.188+0000] {processor.py:161} INFO - Started process (PID=224) to work on /opt/airflow/dags/detector.py
[2024-07-29T18:31:53.189+0000] {processor.py:830} INFO - Processing file /opt/airflow/dags/detector.py for tasks to queue
[2024-07-29T18:31:53.192+0000] {logging_mixin.py:188} INFO - [2024-07-29T18:31:53.191+0000] {dagbag.py:540} INFO - Filling up the DagBag from /opt/airflow/dags/detector.py
[2024-07-29T18:31:53.209+0000] {processor.py:840} INFO - DAG(s) 'simple_detector' retrieved from /opt/airflow/dags/detector.py
[2024-07-29T18:31:53.232+0000] {logging_mixin.py:188} INFO - [2024-07-29T18:31:53.232+0000] {dag.py:3096} INFO - Sync 1 DAGs
[2024-07-29T18:31:53.244+0000] {logging_mixin.py:188} INFO - [2024-07-29T18:31:53.243+0000] {dag.py:3954} INFO - Setting next_dagrun for simple_detector to None, run_after=None
[2024-07-29T18:31:53.260+0000] {processor.py:183} INFO - Processing /opt/airflow/dags/detector.py took 0.080 seconds
[2024-07-29T18:32:23.421+0000] {processor.py:161} INFO - Started process (PID=229) to work on /opt/airflow/dags/detector.py
[2024-07-29T18:32:23.422+0000] {processor.py:830} INFO - Processing file /opt/airflow/dags/detector.py for tasks to queue
[2024-07-29T18:32:23.425+0000] {logging_mixin.py:188} INFO - [2024-07-29T18:32:23.424+0000] {dagbag.py:540} INFO - Filling up the DagBag from /opt/airflow/dags/detector.py
[2024-07-29T18:32:23.441+0000] {processor.py:840} INFO - DAG(s) 'simple_detector' retrieved from /opt/airflow/dags/detector.py
[2024-07-29T18:32:23.471+0000] {logging_mixin.py:188} INFO - [2024-07-29T18:32:23.471+0000] {dag.py:3096} INFO - Sync 1 DAGs
[2024-07-29T18:32:23.488+0000] {logging_mixin.py:188} INFO - [2024-07-29T18:32:23.488+0000] {dag.py:3954} INFO - Setting next_dagrun for simple_detector to None, run_after=None
[2024-07-29T18:32:23.508+0000] {processor.py:183} INFO - Processing /opt/airflow/dags/detector.py took 0.104 seconds
[2024-07-29T18:32:53.625+0000] {processor.py:161} INFO - Started process (PID=234) to work on /opt/airflow/dags/detector.py
[2024-07-29T18:32:53.626+0000] {processor.py:830} INFO - Processing file /opt/airflow/dags/detector.py for tasks to queue
[2024-07-29T18:32:53.628+0000] {logging_mixin.py:188} INFO - [2024-07-29T18:32:53.627+0000] {dagbag.py:540} INFO - Filling up the DagBag from /opt/airflow/dags/detector.py
[2024-07-29T18:32:53.640+0000] {processor.py:840} INFO - DAG(s) 'simple_detector' retrieved from /opt/airflow/dags/detector.py
[2024-07-29T18:32:53.668+0000] {logging_mixin.py:188} INFO - [2024-07-29T18:32:53.667+0000] {dag.py:3096} INFO - Sync 1 DAGs
[2024-07-29T18:32:53.683+0000] {logging_mixin.py:188} INFO - [2024-07-29T18:32:53.683+0000] {dag.py:3954} INFO - Setting next_dagrun for simple_detector to None, run_after=None
[2024-07-29T18:32:53.704+0000] {processor.py:183} INFO - Processing /opt/airflow/dags/detector.py took 0.087 seconds
[2024-07-29T18:33:23.806+0000] {processor.py:161} INFO - Started process (PID=239) to work on /opt/airflow/dags/detector.py
[2024-07-29T18:33:23.806+0000] {processor.py:830} INFO - Processing file /opt/airflow/dags/detector.py for tasks to queue
[2024-07-29T18:33:23.808+0000] {logging_mixin.py:188} INFO - [2024-07-29T18:33:23.807+0000] {dagbag.py:540} INFO - Filling up the DagBag from /opt/airflow/dags/detector.py
[2024-07-29T18:33:23.820+0000] {processor.py:840} INFO - DAG(s) 'simple_detector' retrieved from /opt/airflow/dags/detector.py
[2024-07-29T18:33:23.847+0000] {logging_mixin.py:188} INFO - [2024-07-29T18:33:23.847+0000] {dag.py:3096} INFO - Sync 1 DAGs
[2024-07-29T18:33:23.859+0000] {logging_mixin.py:188} INFO - [2024-07-29T18:33:23.859+0000] {dag.py:3954} INFO - Setting next_dagrun for simple_detector to None, run_after=None
[2024-07-29T18:33:23.876+0000] {processor.py:183} INFO - Processing /opt/airflow/dags/detector.py took 0.075 seconds
[2024-07-29T18:33:54.034+0000] {processor.py:161} INFO - Started process (PID=244) to work on /opt/airflow/dags/detector.py
[2024-07-29T18:33:54.035+0000] {processor.py:830} INFO - Processing file /opt/airflow/dags/detector.py for tasks to queue
[2024-07-29T18:33:54.038+0000] {logging_mixin.py:188} INFO - [2024-07-29T18:33:54.037+0000] {dagbag.py:540} INFO - Filling up the DagBag from /opt/airflow/dags/detector.py
[2024-07-29T18:33:54.055+0000] {processor.py:840} INFO - DAG(s) 'simple_detector' retrieved from /opt/airflow/dags/detector.py
[2024-07-29T18:33:54.078+0000] {logging_mixin.py:188} INFO - [2024-07-29T18:33:54.078+0000] {dag.py:3096} INFO - Sync 1 DAGs
[2024-07-29T18:33:54.089+0000] {logging_mixin.py:188} INFO - [2024-07-29T18:33:54.089+0000] {dag.py:3954} INFO - Setting next_dagrun for simple_detector to None, run_after=None
[2024-07-29T18:33:54.105+0000] {processor.py:183} INFO - Processing /opt/airflow/dags/detector.py took 0.088 seconds
[2024-07-29T18:34:24.204+0000] {processor.py:161} INFO - Started process (PID=249) to work on /opt/airflow/dags/detector.py
[2024-07-29T18:34:24.205+0000] {processor.py:830} INFO - Processing file /opt/airflow/dags/detector.py for tasks to queue
[2024-07-29T18:34:24.206+0000] {logging_mixin.py:188} INFO - [2024-07-29T18:34:24.206+0000] {dagbag.py:540} INFO - Filling up the DagBag from /opt/airflow/dags/detector.py
[2024-07-29T18:34:24.217+0000] {processor.py:840} INFO - DAG(s) 'simple_detector' retrieved from /opt/airflow/dags/detector.py
[2024-07-29T18:34:24.243+0000] {logging_mixin.py:188} INFO - [2024-07-29T18:34:24.243+0000] {dag.py:3096} INFO - Sync 1 DAGs
[2024-07-29T18:34:24.260+0000] {logging_mixin.py:188} INFO - [2024-07-29T18:34:24.260+0000] {dag.py:3954} INFO - Setting next_dagrun for simple_detector to None, run_after=None
[2024-07-29T18:34:24.281+0000] {processor.py:183} INFO - Processing /opt/airflow/dags/detector.py took 0.081 seconds
[2024-07-29T18:34:54.504+0000] {processor.py:161} INFO - Started process (PID=254) to work on /opt/airflow/dags/detector.py
[2024-07-29T18:34:54.505+0000] {processor.py:830} INFO - Processing file /opt/airflow/dags/detector.py for tasks to queue
[2024-07-29T18:34:54.507+0000] {logging_mixin.py:188} INFO - [2024-07-29T18:34:54.506+0000] {dagbag.py:540} INFO - Filling up the DagBag from /opt/airflow/dags/detector.py
[2024-07-29T18:34:54.523+0000] {processor.py:840} INFO - DAG(s) 'simple_detector' retrieved from /opt/airflow/dags/detector.py
[2024-07-29T18:34:54.546+0000] {logging_mixin.py:188} INFO - [2024-07-29T18:34:54.546+0000] {dag.py:3096} INFO - Sync 1 DAGs
[2024-07-29T18:34:54.557+0000] {logging_mixin.py:188} INFO - [2024-07-29T18:34:54.557+0000] {dag.py:3954} INFO - Setting next_dagrun for simple_detector to None, run_after=None
[2024-07-29T18:34:54.574+0000] {processor.py:183} INFO - Processing /opt/airflow/dags/detector.py took 0.078 seconds
[2024-07-29T18:35:24.720+0000] {processor.py:161} INFO - Started process (PID=259) to work on /opt/airflow/dags/detector.py
[2024-07-29T18:35:24.721+0000] {processor.py:830} INFO - Processing file /opt/airflow/dags/detector.py for tasks to queue
[2024-07-29T18:35:24.722+0000] {logging_mixin.py:188} INFO - [2024-07-29T18:35:24.722+0000] {dagbag.py:540} INFO - Filling up the DagBag from /opt/airflow/dags/detector.py
[2024-07-29T18:35:24.740+0000] {processor.py:840} INFO - DAG(s) 'simple_detector' retrieved from /opt/airflow/dags/detector.py
[2024-07-29T18:35:24.776+0000] {logging_mixin.py:188} INFO - [2024-07-29T18:35:24.776+0000] {dag.py:3096} INFO - Sync 1 DAGs
[2024-07-29T18:35:24.796+0000] {logging_mixin.py:188} INFO - [2024-07-29T18:35:24.796+0000] {dag.py:3954} INFO - Setting next_dagrun for simple_detector to None, run_after=None
[2024-07-29T18:35:24.821+0000] {processor.py:183} INFO - Processing /opt/airflow/dags/detector.py took 0.108 seconds
[2024-07-29T18:35:54.997+0000] {processor.py:161} INFO - Started process (PID=264) to work on /opt/airflow/dags/detector.py
[2024-07-29T18:35:54.998+0000] {processor.py:830} INFO - Processing file /opt/airflow/dags/detector.py for tasks to queue
[2024-07-29T18:35:55.001+0000] {logging_mixin.py:188} INFO - [2024-07-29T18:35:55.000+0000] {dagbag.py:540} INFO - Filling up the DagBag from /opt/airflow/dags/detector.py
[2024-07-29T18:35:55.016+0000] {processor.py:840} INFO - DAG(s) 'simple_detector' retrieved from /opt/airflow/dags/detector.py
[2024-07-29T18:35:55.040+0000] {logging_mixin.py:188} INFO - [2024-07-29T18:35:55.040+0000] {dag.py:3096} INFO - Sync 1 DAGs
[2024-07-29T18:35:55.051+0000] {logging_mixin.py:188} INFO - [2024-07-29T18:35:55.051+0000] {dag.py:3954} INFO - Setting next_dagrun for simple_detector to None, run_after=None
[2024-07-29T18:35:55.068+0000] {processor.py:183} INFO - Processing /opt/airflow/dags/detector.py took 0.087 seconds
[2024-07-29T18:36:25.197+0000] {processor.py:161} INFO - Started process (PID=352) to work on /opt/airflow/dags/detector.py
[2024-07-29T18:36:25.198+0000] {processor.py:830} INFO - Processing file /opt/airflow/dags/detector.py for tasks to queue
[2024-07-29T18:36:25.200+0000] {logging_mixin.py:188} INFO - [2024-07-29T18:36:25.199+0000] {dagbag.py:540} INFO - Filling up the DagBag from /opt/airflow/dags/detector.py
[2024-07-29T18:36:25.218+0000] {processor.py:840} INFO - DAG(s) 'simple_detector' retrieved from /opt/airflow/dags/detector.py
[2024-07-29T18:36:25.249+0000] {logging_mixin.py:188} INFO - [2024-07-29T18:36:25.249+0000] {dag.py:3096} INFO - Sync 1 DAGs
[2024-07-29T18:36:25.267+0000] {logging_mixin.py:188} INFO - [2024-07-29T18:36:25.266+0000] {dag.py:3954} INFO - Setting next_dagrun for simple_detector to None, run_after=None
[2024-07-29T18:36:25.287+0000] {processor.py:183} INFO - Processing /opt/airflow/dags/detector.py took 0.100 seconds
[2024-07-29T18:36:55.432+0000] {processor.py:161} INFO - Started process (PID=359) to work on /opt/airflow/dags/detector.py
[2024-07-29T18:36:55.434+0000] {processor.py:830} INFO - Processing file /opt/airflow/dags/detector.py for tasks to queue
[2024-07-29T18:36:55.436+0000] {logging_mixin.py:188} INFO - [2024-07-29T18:36:55.436+0000] {dagbag.py:540} INFO - Filling up the DagBag from /opt/airflow/dags/detector.py
[2024-07-29T18:36:55.454+0000] {processor.py:840} INFO - DAG(s) 'simple_detector' retrieved from /opt/airflow/dags/detector.py
[2024-07-29T18:36:55.485+0000] {logging_mixin.py:188} INFO - [2024-07-29T18:36:55.484+0000] {dag.py:3096} INFO - Sync 1 DAGs
[2024-07-29T18:36:55.501+0000] {logging_mixin.py:188} INFO - [2024-07-29T18:36:55.500+0000] {dag.py:3954} INFO - Setting next_dagrun for simple_detector to None, run_after=None
[2024-07-29T18:36:55.525+0000] {processor.py:183} INFO - Processing /opt/airflow/dags/detector.py took 0.102 seconds
[2024-07-29T18:37:25.655+0000] {processor.py:161} INFO - Started process (PID=377) to work on /opt/airflow/dags/detector.py
[2024-07-29T18:37:25.656+0000] {processor.py:830} INFO - Processing file /opt/airflow/dags/detector.py for tasks to queue
[2024-07-29T18:37:25.658+0000] {logging_mixin.py:188} INFO - [2024-07-29T18:37:25.658+0000] {dagbag.py:540} INFO - Filling up the DagBag from /opt/airflow/dags/detector.py
[2024-07-29T18:37:25.676+0000] {processor.py:840} INFO - DAG(s) 'simple_detector' retrieved from /opt/airflow/dags/detector.py
[2024-07-29T18:37:25.709+0000] {logging_mixin.py:188} INFO - [2024-07-29T18:37:25.709+0000] {dag.py:3096} INFO - Sync 1 DAGs
[2024-07-29T18:37:25.725+0000] {logging_mixin.py:188} INFO - [2024-07-29T18:37:25.725+0000] {dag.py:3954} INFO - Setting next_dagrun for simple_detector to None, run_after=None
[2024-07-29T18:37:25.749+0000] {processor.py:183} INFO - Processing /opt/airflow/dags/detector.py took 0.104 seconds
[2024-07-29T18:37:55.902+0000] {processor.py:161} INFO - Started process (PID=382) to work on /opt/airflow/dags/detector.py
[2024-07-29T18:37:55.904+0000] {processor.py:830} INFO - Processing file /opt/airflow/dags/detector.py for tasks to queue
[2024-07-29T18:37:55.906+0000] {logging_mixin.py:188} INFO - [2024-07-29T18:37:55.906+0000] {dagbag.py:540} INFO - Filling up the DagBag from /opt/airflow/dags/detector.py
[2024-07-29T18:37:55.924+0000] {processor.py:840} INFO - DAG(s) 'simple_detector' retrieved from /opt/airflow/dags/detector.py
[2024-07-29T18:37:55.958+0000] {logging_mixin.py:188} INFO - [2024-07-29T18:37:55.957+0000] {dag.py:3096} INFO - Sync 1 DAGs
[2024-07-29T18:37:55.976+0000] {logging_mixin.py:188} INFO - [2024-07-29T18:37:55.976+0000] {dag.py:3954} INFO - Setting next_dagrun for simple_detector to None, run_after=None
[2024-07-29T18:37:55.996+0000] {processor.py:183} INFO - Processing /opt/airflow/dags/detector.py took 0.103 seconds
[2024-07-29T18:38:26.164+0000] {processor.py:161} INFO - Started process (PID=387) to work on /opt/airflow/dags/detector.py
[2024-07-29T18:38:26.166+0000] {processor.py:830} INFO - Processing file /opt/airflow/dags/detector.py for tasks to queue
[2024-07-29T18:38:26.169+0000] {logging_mixin.py:188} INFO - [2024-07-29T18:38:26.168+0000] {dagbag.py:540} INFO - Filling up the DagBag from /opt/airflow/dags/detector.py
[2024-07-29T18:38:26.185+0000] {processor.py:840} INFO - DAG(s) 'simple_detector' retrieved from /opt/airflow/dags/detector.py
[2024-07-29T18:38:26.212+0000] {logging_mixin.py:188} INFO - [2024-07-29T18:38:26.212+0000] {dag.py:3096} INFO - Sync 1 DAGs
[2024-07-29T18:38:26.229+0000] {logging_mixin.py:188} INFO - [2024-07-29T18:38:26.229+0000] {dag.py:3954} INFO - Setting next_dagrun for simple_detector to None, run_after=None
[2024-07-29T18:38:26.254+0000] {processor.py:183} INFO - Processing /opt/airflow/dags/detector.py took 0.105 seconds
[2024-07-29T18:38:56.408+0000] {processor.py:161} INFO - Started process (PID=392) to work on /opt/airflow/dags/detector.py
[2024-07-29T18:38:56.409+0000] {processor.py:830} INFO - Processing file /opt/airflow/dags/detector.py for tasks to queue
[2024-07-29T18:38:56.410+0000] {logging_mixin.py:188} INFO - [2024-07-29T18:38:56.410+0000] {dagbag.py:540} INFO - Filling up the DagBag from /opt/airflow/dags/detector.py
[2024-07-29T18:38:56.422+0000] {processor.py:840} INFO - DAG(s) 'simple_detector' retrieved from /opt/airflow/dags/detector.py
[2024-07-29T18:38:56.446+0000] {logging_mixin.py:188} INFO - [2024-07-29T18:38:56.445+0000] {dag.py:3096} INFO - Sync 1 DAGs
[2024-07-29T18:38:56.457+0000] {logging_mixin.py:188} INFO - [2024-07-29T18:38:56.457+0000] {dag.py:3954} INFO - Setting next_dagrun for simple_detector to None, run_after=None
[2024-07-29T18:38:56.473+0000] {processor.py:183} INFO - Processing /opt/airflow/dags/detector.py took 0.073 seconds
[2024-07-29T18:39:26.652+0000] {processor.py:161} INFO - Started process (PID=397) to work on /opt/airflow/dags/detector.py
[2024-07-29T18:39:26.653+0000] {processor.py:830} INFO - Processing file /opt/airflow/dags/detector.py for tasks to queue
[2024-07-29T18:39:26.655+0000] {logging_mixin.py:188} INFO - [2024-07-29T18:39:26.654+0000] {dagbag.py:540} INFO - Filling up the DagBag from /opt/airflow/dags/detector.py
[2024-07-29T18:39:26.670+0000] {processor.py:840} INFO - DAG(s) 'simple_detector' retrieved from /opt/airflow/dags/detector.py
[2024-07-29T18:39:26.695+0000] {logging_mixin.py:188} INFO - [2024-07-29T18:39:26.695+0000] {dag.py:3096} INFO - Sync 1 DAGs
[2024-07-29T18:39:26.707+0000] {logging_mixin.py:188} INFO - [2024-07-29T18:39:26.707+0000] {dag.py:3954} INFO - Setting next_dagrun for simple_detector to None, run_after=None
[2024-07-29T18:39:26.724+0000] {processor.py:183} INFO - Processing /opt/airflow/dags/detector.py took 0.084 seconds
[2024-07-29T18:39:56.874+0000] {processor.py:161} INFO - Started process (PID=402) to work on /opt/airflow/dags/detector.py
[2024-07-29T18:39:56.874+0000] {processor.py:830} INFO - Processing file /opt/airflow/dags/detector.py for tasks to queue
[2024-07-29T18:39:56.876+0000] {logging_mixin.py:188} INFO - [2024-07-29T18:39:56.876+0000] {dagbag.py:540} INFO - Filling up the DagBag from /opt/airflow/dags/detector.py
[2024-07-29T18:39:56.895+0000] {processor.py:840} INFO - DAG(s) 'simple_detector' retrieved from /opt/airflow/dags/detector.py
[2024-07-29T18:39:56.931+0000] {logging_mixin.py:188} INFO - [2024-07-29T18:39:56.931+0000] {dag.py:3096} INFO - Sync 1 DAGs
[2024-07-29T18:39:56.949+0000] {logging_mixin.py:188} INFO - [2024-07-29T18:39:56.949+0000] {dag.py:3954} INFO - Setting next_dagrun for simple_detector to None, run_after=None
[2024-07-29T18:39:56.982+0000] {processor.py:183} INFO - Processing /opt/airflow/dags/detector.py took 0.115 seconds
[2024-07-29T18:40:27.140+0000] {processor.py:161} INFO - Started process (PID=407) to work on /opt/airflow/dags/detector.py
[2024-07-29T18:40:27.141+0000] {processor.py:830} INFO - Processing file /opt/airflow/dags/detector.py for tasks to queue
[2024-07-29T18:40:27.144+0000] {logging_mixin.py:188} INFO - [2024-07-29T18:40:27.143+0000] {dagbag.py:540} INFO - Filling up the DagBag from /opt/airflow/dags/detector.py
[2024-07-29T18:40:27.161+0000] {processor.py:840} INFO - DAG(s) 'simple_detector' retrieved from /opt/airflow/dags/detector.py
[2024-07-29T18:40:27.186+0000] {logging_mixin.py:188} INFO - [2024-07-29T18:40:27.186+0000] {dag.py:3096} INFO - Sync 1 DAGs
[2024-07-29T18:40:27.200+0000] {logging_mixin.py:188} INFO - [2024-07-29T18:40:27.199+0000] {dag.py:3954} INFO - Setting next_dagrun for simple_detector to None, run_after=None
[2024-07-29T18:40:27.220+0000] {processor.py:183} INFO - Processing /opt/airflow/dags/detector.py took 0.092 seconds
[2024-07-29T18:40:57.388+0000] {processor.py:161} INFO - Started process (PID=412) to work on /opt/airflow/dags/detector.py
[2024-07-29T18:40:57.388+0000] {processor.py:830} INFO - Processing file /opt/airflow/dags/detector.py for tasks to queue
[2024-07-29T18:40:57.390+0000] {logging_mixin.py:188} INFO - [2024-07-29T18:40:57.390+0000] {dagbag.py:540} INFO - Filling up the DagBag from /opt/airflow/dags/detector.py
[2024-07-29T18:40:57.402+0000] {processor.py:840} INFO - DAG(s) 'simple_detector' retrieved from /opt/airflow/dags/detector.py
[2024-07-29T18:40:57.427+0000] {logging_mixin.py:188} INFO - [2024-07-29T18:40:57.427+0000] {dag.py:3096} INFO - Sync 1 DAGs
[2024-07-29T18:40:57.439+0000] {logging_mixin.py:188} INFO - [2024-07-29T18:40:57.439+0000] {dag.py:3954} INFO - Setting next_dagrun for simple_detector to None, run_after=None
[2024-07-29T18:40:57.455+0000] {processor.py:183} INFO - Processing /opt/airflow/dags/detector.py took 0.073 seconds
[2024-07-29T18:41:27.607+0000] {processor.py:161} INFO - Started process (PID=417) to work on /opt/airflow/dags/detector.py
[2024-07-29T18:41:27.608+0000] {processor.py:830} INFO - Processing file /opt/airflow/dags/detector.py for tasks to queue
[2024-07-29T18:41:27.610+0000] {logging_mixin.py:188} INFO - [2024-07-29T18:41:27.609+0000] {dagbag.py:540} INFO - Filling up the DagBag from /opt/airflow/dags/detector.py
[2024-07-29T18:41:27.628+0000] {processor.py:840} INFO - DAG(s) 'simple_detector' retrieved from /opt/airflow/dags/detector.py
[2024-07-29T18:41:27.663+0000] {logging_mixin.py:188} INFO - [2024-07-29T18:41:27.663+0000] {dag.py:3096} INFO - Sync 1 DAGs
[2024-07-29T18:41:27.679+0000] {logging_mixin.py:188} INFO - [2024-07-29T18:41:27.678+0000] {dag.py:3954} INFO - Setting next_dagrun for simple_detector to None, run_after=None
[2024-07-29T18:41:27.700+0000] {processor.py:183} INFO - Processing /opt/airflow/dags/detector.py took 0.103 seconds
[2024-07-29T18:41:57.858+0000] {processor.py:161} INFO - Started process (PID=422) to work on /opt/airflow/dags/detector.py
[2024-07-29T18:41:57.860+0000] {processor.py:830} INFO - Processing file /opt/airflow/dags/detector.py for tasks to queue
[2024-07-29T18:41:57.862+0000] {logging_mixin.py:188} INFO - [2024-07-29T18:41:57.862+0000] {dagbag.py:540} INFO - Filling up the DagBag from /opt/airflow/dags/detector.py
[2024-07-29T18:41:57.878+0000] {processor.py:840} INFO - DAG(s) 'simple_detector' retrieved from /opt/airflow/dags/detector.py
[2024-07-29T18:41:57.901+0000] {logging_mixin.py:188} INFO - [2024-07-29T18:41:57.901+0000] {dag.py:3096} INFO - Sync 1 DAGs
[2024-07-29T18:41:57.913+0000] {logging_mixin.py:188} INFO - [2024-07-29T18:41:57.913+0000] {dag.py:3954} INFO - Setting next_dagrun for simple_detector to None, run_after=None
[2024-07-29T18:41:57.929+0000] {processor.py:183} INFO - Processing /opt/airflow/dags/detector.py took 0.086 seconds
[2024-07-29T18:42:28.102+0000] {processor.py:161} INFO - Started process (PID=427) to work on /opt/airflow/dags/detector.py
[2024-07-29T18:42:28.103+0000] {processor.py:830} INFO - Processing file /opt/airflow/dags/detector.py for tasks to queue
[2024-07-29T18:42:28.105+0000] {logging_mixin.py:188} INFO - [2024-07-29T18:42:28.105+0000] {dagbag.py:540} INFO - Filling up the DagBag from /opt/airflow/dags/detector.py
[2024-07-29T18:42:28.118+0000] {processor.py:840} INFO - DAG(s) 'simple_detector' retrieved from /opt/airflow/dags/detector.py
[2024-07-29T18:42:28.143+0000] {logging_mixin.py:188} INFO - [2024-07-29T18:42:28.143+0000] {dag.py:3096} INFO - Sync 1 DAGs
[2024-07-29T18:42:28.160+0000] {logging_mixin.py:188} INFO - [2024-07-29T18:42:28.159+0000] {dag.py:3954} INFO - Setting next_dagrun for simple_detector to None, run_after=None
[2024-07-29T18:42:28.183+0000] {processor.py:183} INFO - Processing /opt/airflow/dags/detector.py took 0.090 seconds
[2024-07-29T18:42:58.344+0000] {processor.py:161} INFO - Started process (PID=432) to work on /opt/airflow/dags/detector.py
[2024-07-29T18:42:58.345+0000] {processor.py:830} INFO - Processing file /opt/airflow/dags/detector.py for tasks to queue
[2024-07-29T18:42:58.346+0000] {logging_mixin.py:188} INFO - [2024-07-29T18:42:58.346+0000] {dagbag.py:540} INFO - Filling up the DagBag from /opt/airflow/dags/detector.py
[2024-07-29T18:42:58.361+0000] {processor.py:840} INFO - DAG(s) 'simple_detector' retrieved from /opt/airflow/dags/detector.py
[2024-07-29T18:42:58.390+0000] {logging_mixin.py:188} INFO - [2024-07-29T18:42:58.390+0000] {dag.py:3096} INFO - Sync 1 DAGs
[2024-07-29T18:42:58.403+0000] {logging_mixin.py:188} INFO - [2024-07-29T18:42:58.403+0000] {dag.py:3954} INFO - Setting next_dagrun for simple_detector to None, run_after=None
[2024-07-29T18:42:58.420+0000] {processor.py:183} INFO - Processing /opt/airflow/dags/detector.py took 0.084 seconds
[2024-07-29T18:43:28.583+0000] {processor.py:161} INFO - Started process (PID=437) to work on /opt/airflow/dags/detector.py
[2024-07-29T18:43:28.585+0000] {processor.py:830} INFO - Processing file /opt/airflow/dags/detector.py for tasks to queue
[2024-07-29T18:43:28.588+0000] {logging_mixin.py:188} INFO - [2024-07-29T18:43:28.587+0000] {dagbag.py:540} INFO - Filling up the DagBag from /opt/airflow/dags/detector.py
[2024-07-29T18:43:28.605+0000] {processor.py:840} INFO - DAG(s) 'simple_detector' retrieved from /opt/airflow/dags/detector.py
[2024-07-29T18:43:28.629+0000] {logging_mixin.py:188} INFO - [2024-07-29T18:43:28.629+0000] {dag.py:3096} INFO - Sync 1 DAGs
[2024-07-29T18:43:28.641+0000] {logging_mixin.py:188} INFO - [2024-07-29T18:43:28.641+0000] {dag.py:3954} INFO - Setting next_dagrun for simple_detector to None, run_after=None
[2024-07-29T18:43:28.672+0000] {processor.py:183} INFO - Processing /opt/airflow/dags/detector.py took 0.106 seconds
[2024-07-29T18:43:58.789+0000] {processor.py:161} INFO - Started process (PID=442) to work on /opt/airflow/dags/detector.py
[2024-07-29T18:43:58.790+0000] {processor.py:830} INFO - Processing file /opt/airflow/dags/detector.py for tasks to queue
[2024-07-29T18:43:58.791+0000] {logging_mixin.py:188} INFO - [2024-07-29T18:43:58.791+0000] {dagbag.py:540} INFO - Filling up the DagBag from /opt/airflow/dags/detector.py
[2024-07-29T18:43:58.804+0000] {processor.py:840} INFO - DAG(s) 'simple_detector' retrieved from /opt/airflow/dags/detector.py
[2024-07-29T18:43:58.831+0000] {logging_mixin.py:188} INFO - [2024-07-29T18:43:58.831+0000] {dag.py:3096} INFO - Sync 1 DAGs
[2024-07-29T18:43:58.843+0000] {logging_mixin.py:188} INFO - [2024-07-29T18:43:58.843+0000] {dag.py:3954} INFO - Setting next_dagrun for simple_detector to None, run_after=None
[2024-07-29T18:43:58.860+0000] {processor.py:183} INFO - Processing /opt/airflow/dags/detector.py took 0.078 seconds
[2024-07-29T18:44:29.049+0000] {processor.py:161} INFO - Started process (PID=447) to work on /opt/airflow/dags/detector.py
[2024-07-29T18:44:29.050+0000] {processor.py:830} INFO - Processing file /opt/airflow/dags/detector.py for tasks to queue
[2024-07-29T18:44:29.051+0000] {logging_mixin.py:188} INFO - [2024-07-29T18:44:29.051+0000] {dagbag.py:540} INFO - Filling up the DagBag from /opt/airflow/dags/detector.py
[2024-07-29T18:44:29.063+0000] {processor.py:840} INFO - DAG(s) 'simple_detector' retrieved from /opt/airflow/dags/detector.py
[2024-07-29T18:44:29.090+0000] {logging_mixin.py:188} INFO - [2024-07-29T18:44:29.090+0000] {dag.py:3096} INFO - Sync 1 DAGs
[2024-07-29T18:44:29.103+0000] {logging_mixin.py:188} INFO - [2024-07-29T18:44:29.103+0000] {dag.py:3954} INFO - Setting next_dagrun for simple_detector to None, run_after=None
[2024-07-29T18:44:29.121+0000] {processor.py:183} INFO - Processing /opt/airflow/dags/detector.py took 0.077 seconds
[2024-07-29T18:44:59.281+0000] {processor.py:161} INFO - Started process (PID=452) to work on /opt/airflow/dags/detector.py
[2024-07-29T18:44:59.282+0000] {processor.py:830} INFO - Processing file /opt/airflow/dags/detector.py for tasks to queue
[2024-07-29T18:44:59.286+0000] {logging_mixin.py:188} INFO - [2024-07-29T18:44:59.285+0000] {dagbag.py:540} INFO - Filling up the DagBag from /opt/airflow/dags/detector.py
[2024-07-29T18:44:59.302+0000] {processor.py:840} INFO - DAG(s) 'simple_detector' retrieved from /opt/airflow/dags/detector.py
[2024-07-29T18:44:59.326+0000] {logging_mixin.py:188} INFO - [2024-07-29T18:44:59.326+0000] {dag.py:3096} INFO - Sync 1 DAGs
[2024-07-29T18:44:59.338+0000] {logging_mixin.py:188} INFO - [2024-07-29T18:44:59.338+0000] {dag.py:3954} INFO - Setting next_dagrun for simple_detector to None, run_after=None
[2024-07-29T18:44:59.353+0000] {processor.py:183} INFO - Processing /opt/airflow/dags/detector.py took 0.089 seconds
[2024-07-29T18:45:29.523+0000] {processor.py:161} INFO - Started process (PID=457) to work on /opt/airflow/dags/detector.py
[2024-07-29T18:45:29.525+0000] {processor.py:830} INFO - Processing file /opt/airflow/dags/detector.py for tasks to queue
[2024-07-29T18:45:29.528+0000] {logging_mixin.py:188} INFO - [2024-07-29T18:45:29.528+0000] {dagbag.py:540} INFO - Filling up the DagBag from /opt/airflow/dags/detector.py
[2024-07-29T18:45:29.546+0000] {processor.py:840} INFO - DAG(s) 'simple_detector' retrieved from /opt/airflow/dags/detector.py
[2024-07-29T18:45:29.570+0000] {logging_mixin.py:188} INFO - [2024-07-29T18:45:29.570+0000] {dag.py:3096} INFO - Sync 1 DAGs
[2024-07-29T18:45:29.582+0000] {logging_mixin.py:188} INFO - [2024-07-29T18:45:29.582+0000] {dag.py:3954} INFO - Setting next_dagrun for simple_detector to None, run_after=None
[2024-07-29T18:45:29.598+0000] {processor.py:183} INFO - Processing /opt/airflow/dags/detector.py took 0.092 seconds
[2024-07-29T18:45:59.758+0000] {processor.py:161} INFO - Started process (PID=462) to work on /opt/airflow/dags/detector.py
[2024-07-29T18:45:59.758+0000] {processor.py:830} INFO - Processing file /opt/airflow/dags/detector.py for tasks to queue
[2024-07-29T18:45:59.760+0000] {logging_mixin.py:188} INFO - [2024-07-29T18:45:59.760+0000] {dagbag.py:540} INFO - Filling up the DagBag from /opt/airflow/dags/detector.py
[2024-07-29T18:45:59.772+0000] {processor.py:840} INFO - DAG(s) 'simple_detector' retrieved from /opt/airflow/dags/detector.py
[2024-07-29T18:45:59.796+0000] {logging_mixin.py:188} INFO - [2024-07-29T18:45:59.795+0000] {dag.py:3096} INFO - Sync 1 DAGs
[2024-07-29T18:45:59.808+0000] {logging_mixin.py:188} INFO - [2024-07-29T18:45:59.808+0000] {dag.py:3954} INFO - Setting next_dagrun for simple_detector to None, run_after=None
[2024-07-29T18:45:59.825+0000] {processor.py:183} INFO - Processing /opt/airflow/dags/detector.py took 0.072 seconds
[2024-07-29T18:46:29.992+0000] {processor.py:161} INFO - Started process (PID=467) to work on /opt/airflow/dags/detector.py
[2024-07-29T18:46:29.993+0000] {processor.py:830} INFO - Processing file /opt/airflow/dags/detector.py for tasks to queue
[2024-07-29T18:46:29.995+0000] {logging_mixin.py:188} INFO - [2024-07-29T18:46:29.994+0000] {dagbag.py:540} INFO - Filling up the DagBag from /opt/airflow/dags/detector.py
[2024-07-29T18:46:30.008+0000] {processor.py:840} INFO - DAG(s) 'simple_detector' retrieved from /opt/airflow/dags/detector.py
[2024-07-29T18:46:30.031+0000] {logging_mixin.py:188} INFO - [2024-07-29T18:46:30.030+0000] {dag.py:3096} INFO - Sync 1 DAGs
[2024-07-29T18:46:30.042+0000] {logging_mixin.py:188} INFO - [2024-07-29T18:46:30.042+0000] {dag.py:3954} INFO - Setting next_dagrun for simple_detector to None, run_after=None
[2024-07-29T18:46:30.057+0000] {processor.py:183} INFO - Processing /opt/airflow/dags/detector.py took 0.076 seconds
[2024-07-29T18:47:00.234+0000] {processor.py:161} INFO - Started process (PID=472) to work on /opt/airflow/dags/detector.py
[2024-07-29T18:47:00.236+0000] {processor.py:830} INFO - Processing file /opt/airflow/dags/detector.py for tasks to queue
[2024-07-29T18:47:00.238+0000] {logging_mixin.py:188} INFO - [2024-07-29T18:47:00.238+0000] {dagbag.py:540} INFO - Filling up the DagBag from /opt/airflow/dags/detector.py
[2024-07-29T18:47:00.257+0000] {processor.py:840} INFO - DAG(s) 'simple_detector' retrieved from /opt/airflow/dags/detector.py
[2024-07-29T18:47:00.283+0000] {logging_mixin.py:188} INFO - [2024-07-29T18:47:00.283+0000] {dag.py:3096} INFO - Sync 1 DAGs
[2024-07-29T18:47:00.296+0000] {logging_mixin.py:188} INFO - [2024-07-29T18:47:00.296+0000] {dag.py:3954} INFO - Setting next_dagrun for simple_detector to None, run_after=None
[2024-07-29T18:47:00.317+0000] {processor.py:183} INFO - Processing /opt/airflow/dags/detector.py took 0.092 seconds
[2024-07-29T18:47:30.457+0000] {processor.py:161} INFO - Started process (PID=477) to work on /opt/airflow/dags/detector.py
[2024-07-29T18:47:30.458+0000] {processor.py:830} INFO - Processing file /opt/airflow/dags/detector.py for tasks to queue
[2024-07-29T18:47:30.460+0000] {logging_mixin.py:188} INFO - [2024-07-29T18:47:30.460+0000] {dagbag.py:540} INFO - Filling up the DagBag from /opt/airflow/dags/detector.py
[2024-07-29T18:47:30.479+0000] {processor.py:840} INFO - DAG(s) 'simple_detector' retrieved from /opt/airflow/dags/detector.py
[2024-07-29T18:47:30.516+0000] {logging_mixin.py:188} INFO - [2024-07-29T18:47:30.515+0000] {dag.py:3096} INFO - Sync 1 DAGs
[2024-07-29T18:47:30.533+0000] {logging_mixin.py:188} INFO - [2024-07-29T18:47:30.532+0000] {dag.py:3954} INFO - Setting next_dagrun for simple_detector to None, run_after=None
[2024-07-29T18:47:30.560+0000] {processor.py:183} INFO - Processing /opt/airflow/dags/detector.py took 0.113 seconds
[2024-07-29T18:48:00.720+0000] {processor.py:161} INFO - Started process (PID=482) to work on /opt/airflow/dags/detector.py
[2024-07-29T18:48:00.721+0000] {processor.py:830} INFO - Processing file /opt/airflow/dags/detector.py for tasks to queue
[2024-07-29T18:48:00.723+0000] {logging_mixin.py:188} INFO - [2024-07-29T18:48:00.723+0000] {dagbag.py:540} INFO - Filling up the DagBag from /opt/airflow/dags/detector.py
[2024-07-29T18:48:00.740+0000] {processor.py:840} INFO - DAG(s) 'simple_detector' retrieved from /opt/airflow/dags/detector.py
[2024-07-29T18:48:00.779+0000] {logging_mixin.py:188} INFO - [2024-07-29T18:48:00.779+0000] {dag.py:3096} INFO - Sync 1 DAGs
[2024-07-29T18:48:00.804+0000] {logging_mixin.py:188} INFO - [2024-07-29T18:48:00.803+0000] {dag.py:3954} INFO - Setting next_dagrun for simple_detector to None, run_after=None
[2024-07-29T18:48:00.832+0000] {processor.py:183} INFO - Processing /opt/airflow/dags/detector.py took 0.119 seconds
[2024-07-29T18:48:30.975+0000] {processor.py:161} INFO - Started process (PID=487) to work on /opt/airflow/dags/detector.py
[2024-07-29T18:48:30.977+0000] {processor.py:830} INFO - Processing file /opt/airflow/dags/detector.py for tasks to queue
[2024-07-29T18:48:30.980+0000] {logging_mixin.py:188} INFO - [2024-07-29T18:48:30.979+0000] {dagbag.py:540} INFO - Filling up the DagBag from /opt/airflow/dags/detector.py
[2024-07-29T18:48:30.996+0000] {processor.py:840} INFO - DAG(s) 'simple_detector' retrieved from /opt/airflow/dags/detector.py
[2024-07-29T18:48:31.020+0000] {logging_mixin.py:188} INFO - [2024-07-29T18:48:31.020+0000] {dag.py:3096} INFO - Sync 1 DAGs
[2024-07-29T18:48:31.032+0000] {logging_mixin.py:188} INFO - [2024-07-29T18:48:31.032+0000] {dag.py:3954} INFO - Setting next_dagrun for simple_detector to None, run_after=None
[2024-07-29T18:48:31.048+0000] {processor.py:183} INFO - Processing /opt/airflow/dags/detector.py took 0.090 seconds
[2024-07-29T18:49:01.212+0000] {processor.py:161} INFO - Started process (PID=492) to work on /opt/airflow/dags/detector.py
[2024-07-29T18:49:01.212+0000] {processor.py:830} INFO - Processing file /opt/airflow/dags/detector.py for tasks to queue
[2024-07-29T18:49:01.214+0000] {logging_mixin.py:188} INFO - [2024-07-29T18:49:01.214+0000] {dagbag.py:540} INFO - Filling up the DagBag from /opt/airflow/dags/detector.py
[2024-07-29T18:49:01.228+0000] {processor.py:840} INFO - DAG(s) 'simple_detector' retrieved from /opt/airflow/dags/detector.py
[2024-07-29T18:49:01.256+0000] {logging_mixin.py:188} INFO - [2024-07-29T18:49:01.256+0000] {dag.py:3096} INFO - Sync 1 DAGs
[2024-07-29T18:49:01.269+0000] {logging_mixin.py:188} INFO - [2024-07-29T18:49:01.269+0000] {dag.py:3954} INFO - Setting next_dagrun for simple_detector to None, run_after=None
[2024-07-29T18:49:01.285+0000] {processor.py:183} INFO - Processing /opt/airflow/dags/detector.py took 0.079 seconds
[2024-07-29T18:49:31.429+0000] {processor.py:161} INFO - Started process (PID=497) to work on /opt/airflow/dags/detector.py
[2024-07-29T18:49:31.430+0000] {processor.py:830} INFO - Processing file /opt/airflow/dags/detector.py for tasks to queue
[2024-07-29T18:49:31.431+0000] {logging_mixin.py:188} INFO - [2024-07-29T18:49:31.431+0000] {dagbag.py:540} INFO - Filling up the DagBag from /opt/airflow/dags/detector.py
[2024-07-29T18:49:31.444+0000] {processor.py:840} INFO - DAG(s) 'simple_detector' retrieved from /opt/airflow/dags/detector.py
[2024-07-29T18:49:31.468+0000] {logging_mixin.py:188} INFO - [2024-07-29T18:49:31.468+0000] {dag.py:3096} INFO - Sync 1 DAGs
[2024-07-29T18:49:31.480+0000] {logging_mixin.py:188} INFO - [2024-07-29T18:49:31.480+0000] {dag.py:3954} INFO - Setting next_dagrun for simple_detector to None, run_after=None
[2024-07-29T18:49:31.496+0000] {processor.py:183} INFO - Processing /opt/airflow/dags/detector.py took 0.075 seconds
[2024-07-29T18:50:01.666+0000] {processor.py:161} INFO - Started process (PID=502) to work on /opt/airflow/dags/detector.py
[2024-07-29T18:50:01.667+0000] {processor.py:830} INFO - Processing file /opt/airflow/dags/detector.py for tasks to queue
[2024-07-29T18:50:01.669+0000] {logging_mixin.py:188} INFO - [2024-07-29T18:50:01.669+0000] {dagbag.py:540} INFO - Filling up the DagBag from /opt/airflow/dags/detector.py
[2024-07-29T18:50:01.686+0000] {processor.py:840} INFO - DAG(s) 'simple_detector' retrieved from /opt/airflow/dags/detector.py
[2024-07-29T18:50:01.711+0000] {logging_mixin.py:188} INFO - [2024-07-29T18:50:01.710+0000] {dag.py:3096} INFO - Sync 1 DAGs
[2024-07-29T18:50:01.722+0000] {logging_mixin.py:188} INFO - [2024-07-29T18:50:01.722+0000] {dag.py:3954} INFO - Setting next_dagrun for simple_detector to None, run_after=None
[2024-07-29T18:50:01.738+0000] {processor.py:183} INFO - Processing /opt/airflow/dags/detector.py took 0.081 seconds
[2024-07-29T18:50:31.903+0000] {processor.py:161} INFO - Started process (PID=507) to work on /opt/airflow/dags/detector.py
[2024-07-29T18:50:31.905+0000] {processor.py:830} INFO - Processing file /opt/airflow/dags/detector.py for tasks to queue
[2024-07-29T18:50:31.909+0000] {logging_mixin.py:188} INFO - [2024-07-29T18:50:31.908+0000] {dagbag.py:540} INFO - Filling up the DagBag from /opt/airflow/dags/detector.py
[2024-07-29T18:50:31.927+0000] {processor.py:840} INFO - DAG(s) 'simple_detector' retrieved from /opt/airflow/dags/detector.py
[2024-07-29T18:50:31.950+0000] {logging_mixin.py:188} INFO - [2024-07-29T18:50:31.950+0000] {dag.py:3096} INFO - Sync 1 DAGs
[2024-07-29T18:50:31.962+0000] {logging_mixin.py:188} INFO - [2024-07-29T18:50:31.961+0000] {dag.py:3954} INFO - Setting next_dagrun for simple_detector to None, run_after=None
[2024-07-29T18:50:31.978+0000] {processor.py:183} INFO - Processing /opt/airflow/dags/detector.py took 0.092 seconds
