[2024-07-29T17:46:37.573+0000] {local_task_job_runner.py:120} INFO - ::group::Pre task execution logs
[2024-07-29T17:46:37.610+0000] {taskinstance.py:2073} INFO - Dependencies all met for dep_context=non-requeueable deps ti=<TaskInstance: simple_detector.apply_detection manual__2024-07-29T17:46:35.007452+00:00 [queued]>
[2024-07-29T17:46:37.620+0000] {taskinstance.py:2073} INFO - Dependencies all met for dep_context=requeueable deps ti=<TaskInstance: simple_detector.apply_detection manual__2024-07-29T17:46:35.007452+00:00 [queued]>
[2024-07-29T17:46:37.620+0000] {taskinstance.py:2303} INFO - Starting attempt 1 of 1
[2024-07-29T17:46:37.636+0000] {taskinstance.py:2327} INFO - Executing <Task(_PythonVirtualenvDecoratedOperator): apply_detection> on 2024-07-29 17:46:35.007452+00:00
[2024-07-29T17:46:37.644+0000] {logging_mixin.py:188} WARNING - /home/***/.local/lib/python3.12/site-packages/***/task/task_runner/standard_task_runner.py:61 DeprecationWarning: This process (pid=180) is multi-threaded, use of fork() may lead to deadlocks in the child.
[2024-07-29T17:46:37.645+0000] {standard_task_runner.py:63} INFO - Started process 181 to run task
[2024-07-29T17:46:37.644+0000] {standard_task_runner.py:90} INFO - Running: ['***', 'tasks', 'run', 'simple_detector', 'apply_detection', 'manual__2024-07-29T17:46:35.007452+00:00', '--job-id', '5', '--raw', '--subdir', 'DAGS_FOLDER/detector.py', '--cfg-path', '/tmp/tmp_94kj90g']
[2024-07-29T17:46:37.646+0000] {standard_task_runner.py:91} INFO - Job 5: Subtask apply_detection
[2024-07-29T17:46:37.665+0000] {logging_mixin.py:188} WARNING - /home/***/.local/lib/python3.12/site-packages/***/settings.py:195 DeprecationWarning: The sql_alchemy_conn option in [core] has been moved to the sql_alchemy_conn option in [database] - the old setting has been used, but please update your config.
[2024-07-29T17:46:37.702+0000] {task_command.py:426} INFO - Running <TaskInstance: simple_detector.apply_detection manual__2024-07-29T17:46:35.007452+00:00 [running]> on host b4db7d51ec4f
[2024-07-29T17:46:37.823+0000] {taskinstance.py:2644} INFO - Exporting env vars: AIRFLOW_CTX_DAG_OWNER='***' AIRFLOW_CTX_DAG_ID='simple_detector' AIRFLOW_CTX_TASK_ID='apply_detection' AIRFLOW_CTX_EXECUTION_DATE='2024-07-29T17:46:35.007452+00:00' AIRFLOW_CTX_TRY_NUMBER='1' AIRFLOW_CTX_DAG_RUN_ID='manual__2024-07-29T17:46:35.007452+00:00'
[2024-07-29T17:46:37.824+0000] {taskinstance.py:430} INFO - ::endgroup::
[2024-07-29T17:46:37.825+0000] {process_utils.py:183} INFO - Executing cmd: /home/***/.local/bin/python -m virtualenv /tmp/venvwmjx031z --python=python
[2024-07-29T17:46:37.826+0000] {process_utils.py:187} INFO - Output:
[2024-07-29T17:46:39.267+0000] {process_utils.py:191} INFO - created virtual environment CPython3.12.2.final.0-64 in 745ms
[2024-07-29T17:46:39.268+0000] {process_utils.py:191} INFO -   creator CPython3Posix(dest=/tmp/venvwmjx031z, clear=False, no_vcs_ignore=False, global=False)
[2024-07-29T17:46:39.268+0000] {process_utils.py:191} INFO -   seeder FromAppData(download=False, pip=bundle, via=copy, app_data_dir=/home/***/.local/share/virtualenv)
[2024-07-29T17:46:39.268+0000] {process_utils.py:191} INFO -     added seed packages: pip==24.0
[2024-07-29T17:46:39.269+0000] {process_utils.py:191} INFO -   activators BashActivator,CShellActivator,FishActivator,NushellActivator,PowerShellActivator,PythonActivator
[2024-07-29T17:46:39.323+0000] {process_utils.py:183} INFO - Executing cmd: /tmp/venvwmjx031z/bin/pip install -r /tmp/venvwmjx031z/requirements.txt
[2024-07-29T17:46:39.324+0000] {process_utils.py:187} INFO - Output:
[2024-07-29T17:46:41.875+0000] {process_utils.py:191} INFO - Collecting dill (from -r /tmp/venvwmjx031z/requirements.txt (line 1))
[2024-07-29T17:46:42.113+0000] {process_utils.py:191} INFO -   Downloading dill-0.3.8-py3-none-any.whl.metadata (10 kB)
[2024-07-29T17:46:42.554+0000] {process_utils.py:191} INFO - Collecting pandas==2.2.2 (from -r /tmp/venvwmjx031z/requirements.txt (line 2))
[2024-07-29T17:46:42.621+0000] {process_utils.py:191} INFO -   Downloading pandas-2.2.2-cp312-cp312-manylinux_2_17_x86_64.manylinux2014_x86_64.whl.metadata (19 kB)
[2024-07-29T17:46:43.221+0000] {process_utils.py:191} INFO - Collecting numpy>=1.26.0 (from pandas==2.2.2->-r /tmp/venvwmjx031z/requirements.txt (line 2))
[2024-07-29T17:46:43.288+0000] {process_utils.py:191} INFO -   Downloading numpy-2.0.1-cp312-cp312-manylinux_2_17_x86_64.manylinux2014_x86_64.whl.metadata (60 kB)
[2024-07-29T17:46:43.382+0000] {process_utils.py:191} INFO -      ━━━━━━━━━━━━━━━━━━━━━━━━━━━━━━━━━━━━━━━ 60.9/60.9 kB 656.0 kB/s eta 0:00:00
[2024-07-29T17:46:43.510+0000] {process_utils.py:191} INFO - Collecting python-dateutil>=2.8.2 (from pandas==2.2.2->-r /tmp/venvwmjx031z/requirements.txt (line 2))
[2024-07-29T17:46:43.576+0000] {process_utils.py:191} INFO -   Downloading python_dateutil-2.9.0.post0-py2.py3-none-any.whl.metadata (8.4 kB)
[2024-07-29T17:46:43.762+0000] {process_utils.py:191} INFO - Collecting pytz>=2020.1 (from pandas==2.2.2->-r /tmp/venvwmjx031z/requirements.txt (line 2))
[2024-07-29T17:46:43.834+0000] {process_utils.py:191} INFO -   Downloading pytz-2024.1-py2.py3-none-any.whl.metadata (22 kB)
[2024-07-29T17:46:43.977+0000] {process_utils.py:191} INFO - Collecting tzdata>=2022.7 (from pandas==2.2.2->-r /tmp/venvwmjx031z/requirements.txt (line 2))
[2024-07-29T17:46:44.044+0000] {process_utils.py:191} INFO -   Downloading tzdata-2024.1-py2.py3-none-any.whl.metadata (1.4 kB)
[2024-07-29T17:46:44.205+0000] {process_utils.py:191} INFO - Collecting six>=1.5 (from python-dateutil>=2.8.2->pandas==2.2.2->-r /tmp/venvwmjx031z/requirements.txt (line 2))
[2024-07-29T17:46:44.299+0000] {process_utils.py:191} INFO -   Downloading six-1.16.0-py2.py3-none-any.whl.metadata (1.8 kB)
[2024-07-29T17:46:44.388+0000] {process_utils.py:191} INFO - Downloading pandas-2.2.2-cp312-cp312-manylinux_2_17_x86_64.manylinux2014_x86_64.whl (12.7 MB)
[2024-07-29T17:46:46.021+0000] {process_utils.py:191} INFO -    ━━━━━━━━━━━━━━━━━━━━━━━━━━━━━━━━━━━━━━━━ 12.7/12.7 MB 8.6 MB/s eta 0:00:00
[2024-07-29T17:46:46.092+0000] {process_utils.py:191} INFO - Downloading dill-0.3.8-py3-none-any.whl (116 kB)
[2024-07-29T17:46:46.197+0000] {process_utils.py:191} INFO -    ━━━━━━━━━━━━━━━━━━━━━━━━━━━━━━━━━━━━━━━━ 116.3/116.3 kB 1.0 MB/s eta 0:00:00
[2024-07-29T17:46:46.271+0000] {process_utils.py:191} INFO - Downloading numpy-2.0.1-cp312-cp312-manylinux_2_17_x86_64.manylinux2014_x86_64.whl (19.2 MB)
[2024-07-29T17:47:03.426+0000] {process_utils.py:191} INFO -    ━━━━━━━━━━━━━━━━━━━━━━━━━━━━━━━━━━━━━━━━ 19.2/19.2 MB 685.3 kB/s eta 0:00:00
[2024-07-29T17:47:03.499+0000] {process_utils.py:191} INFO - Downloading python_dateutil-2.9.0.post0-py2.py3-none-any.whl (229 kB)
[2024-07-29T17:47:03.891+0000] {process_utils.py:191} INFO -    ━━━━━━━━━━━━━━━━━━━━━━━━━━━━━━━━━━━━━━━ 229.9/229.9 kB 609.9 kB/s eta 0:00:00
[2024-07-29T17:47:03.964+0000] {process_utils.py:191} INFO - Downloading pytz-2024.1-py2.py3-none-any.whl (505 kB)
[2024-07-29T17:47:04.713+0000] {process_utils.py:191} INFO -    ━━━━━━━━━━━━━━━━━━━━━━━━━━━━━━━━━━━━━━━ 505.5/505.5 kB 685.4 kB/s eta 0:00:00
[2024-07-29T17:47:04.795+0000] {process_utils.py:191} INFO - Downloading tzdata-2024.1-py2.py3-none-any.whl (345 kB)
[2024-07-29T17:47:05.226+0000] {process_utils.py:191} INFO -    ━━━━━━━━━━━━━━━━━━━━━━━━━━━━━━━━━━━━━━━ 345.4/345.4 kB 811.6 kB/s eta 0:00:00
[2024-07-29T17:47:05.294+0000] {process_utils.py:191} INFO - Downloading six-1.16.0-py2.py3-none-any.whl (11 kB)
[2024-07-29T17:47:05.598+0000] {process_utils.py:191} INFO - Installing collected packages: pytz, tzdata, six, numpy, dill, python-dateutil, pandas
[2024-07-29T17:47:13.520+0000] {process_utils.py:191} INFO - Successfully installed dill-0.3.8 numpy-2.0.1 pandas-2.2.2 python-dateutil-2.9.0.post0 pytz-2024.1 six-1.16.0 tzdata-2024.1
[2024-07-29T17:47:13.898+0000] {process_utils.py:191} INFO - 
[2024-07-29T17:47:13.898+0000] {process_utils.py:191} INFO - [notice] A new release of pip is available: 24.0 -> 24.2
[2024-07-29T17:47:13.899+0000] {process_utils.py:191} INFO - [notice] To update, run: python -m pip install --upgrade pip
[2024-07-29T17:47:14.070+0000] {process_utils.py:183} INFO - Executing cmd: /tmp/venvwmjx031z/bin/python /tmp/venv-call135a8k5s/script.py /tmp/venv-call135a8k5s/script.in /tmp/venv-call135a8k5s/script.out /tmp/venv-call135a8k5s/string_args.txt /tmp/venv-call135a8k5s/termination.log
[2024-07-29T17:47:14.071+0000] {process_utils.py:187} INFO - Output:
[2024-07-29T17:47:14.985+0000] {python.py:237} INFO - Done. Returned value was: {'temp__median': 16.251701244813276, 'atemp__median': 13.375147515188601, 'hum__median': -2.14426245157866, 'windspeed__median': -10.756730277730442, 'casual__median': 3.6041939711664472, 'registered__median': 6.0651329548849775, 'cnt__median': 4.135423767325608, 'weathersit__median': 0.0, 'temp__mean': 16.251701244813276, 'atemp__mean': 13.375147515188601, 'hum__mean': -2.14426245157866, 'windspeed__mean': -10.756730277730442, 'casual__mean': 3.6041939711664472, 'registered__mean': 6.0651329548849775, 'cnt__mean': 4.135423767325608, 'weathersit__mean': 0.0}
[2024-07-29T17:47:14.986+0000] {taskinstance.py:441} INFO - ::group::Post task execution logs
[2024-07-29T17:47:15.001+0000] {taskinstance.py:1205} INFO - Marking task as SUCCESS. dag_id=simple_detector, task_id=apply_detection, execution_date=20240729T174635, start_date=20240729T174637, end_date=20240729T174715
[2024-07-29T17:47:15.034+0000] {local_task_job_runner.py:240} INFO - Task exited with return code 0
[2024-07-29T17:47:15.054+0000] {taskinstance.py:3482} INFO - 1 downstream tasks scheduled from follow-on schedule check
[2024-07-29T17:47:15.056+0000] {local_task_job_runner.py:222} INFO - ::endgroup::
